[2023-06-06T16:42:36.333+0000] {processor.py:154} INFO - Started process (PID=162) to work on /opt/airflow/dags/movie_etl.py
[2023-06-06T16:42:36.336+0000] {processor.py:756} INFO - Processing file /opt/airflow/dags/movie_etl.py for tasks to queue
[2023-06-06T16:42:36.341+0000] {logging_mixin.py:137} INFO - [2023-06-06T16:42:36.341+0000] {dagbag.py:537} INFO - Filling up the DagBag from /opt/airflow/dags/movie_etl.py
[2023-06-06T16:42:36.390+0000] {logging_mixin.py:137} INFO - [2023-06-06T16:42:36.387+0000] {dagbag.py:342} ERROR - Failed to import: /opt/airflow/dags/movie_etl.py
Traceback (most recent call last):
  File "/home/airflow/.local/lib/python3.8/site-packages/airflow/models/dagbag.py", line 338, in parse
    loader.exec_module(new_module)
  File "<frozen importlib._bootstrap_external>", line 843, in exec_module
  File "<frozen importlib._bootstrap>", line 219, in _call_with_frames_removed
  File "/opt/airflow/dags/movie_etl.py", line 8, in <module>
    from src.movie_data import download_data_to_bigquery, get_rating_average, send_mail
ModuleNotFoundError: No module named 'src'
[2023-06-06T16:42:36.391+0000] {processor.py:768} WARNING - No viable dags retrieved from /opt/airflow/dags/movie_etl.py
[2023-06-06T16:42:36.407+0000] {processor.py:176} INFO - Processing /opt/airflow/dags/movie_etl.py took 0.078 seconds
[2023-06-06T16:42:41.519+0000] {processor.py:154} INFO - Started process (PID=168) to work on /opt/airflow/dags/movie_etl.py
[2023-06-06T16:42:41.522+0000] {processor.py:756} INFO - Processing file /opt/airflow/dags/movie_etl.py for tasks to queue
[2023-06-06T16:42:41.525+0000] {logging_mixin.py:137} INFO - [2023-06-06T16:42:41.525+0000] {dagbag.py:537} INFO - Filling up the DagBag from /opt/airflow/dags/movie_etl.py
[2023-06-06T16:42:41.552+0000] {logging_mixin.py:137} INFO - [2023-06-06T16:42:41.549+0000] {dagbag.py:342} ERROR - Failed to import: /opt/airflow/dags/movie_etl.py
Traceback (most recent call last):
  File "/home/airflow/.local/lib/python3.8/site-packages/airflow/models/dagbag.py", line 338, in parse
    loader.exec_module(new_module)
  File "<frozen importlib._bootstrap_external>", line 843, in exec_module
  File "<frozen importlib._bootstrap>", line 219, in _call_with_frames_removed
  File "/opt/airflow/dags/movie_etl.py", line 8, in <module>
    from src.movie_data import download_data_to_bigquery, get_rating_average, send_mail
ModuleNotFoundError: No module named 'src'
[2023-06-06T16:42:41.556+0000] {processor.py:768} WARNING - No viable dags retrieved from /opt/airflow/dags/movie_etl.py
[2023-06-06T16:42:41.587+0000] {processor.py:176} INFO - Processing /opt/airflow/dags/movie_etl.py took 0.071 seconds
[2023-06-06T16:42:46.733+0000] {processor.py:154} INFO - Started process (PID=180) to work on /opt/airflow/dags/movie_etl.py
[2023-06-06T16:42:46.736+0000] {processor.py:756} INFO - Processing file /opt/airflow/dags/movie_etl.py for tasks to queue
[2023-06-06T16:42:46.737+0000] {logging_mixin.py:137} INFO - [2023-06-06T16:42:46.737+0000] {dagbag.py:537} INFO - Filling up the DagBag from /opt/airflow/dags/movie_etl.py
[2023-06-06T16:42:46.769+0000] {logging_mixin.py:137} INFO - [2023-06-06T16:42:46.762+0000] {dagbag.py:342} ERROR - Failed to import: /opt/airflow/dags/movie_etl.py
Traceback (most recent call last):
  File "/home/airflow/.local/lib/python3.8/site-packages/airflow/models/dagbag.py", line 338, in parse
    loader.exec_module(new_module)
  File "<frozen importlib._bootstrap_external>", line 843, in exec_module
  File "<frozen importlib._bootstrap>", line 219, in _call_with_frames_removed
  File "/opt/airflow/dags/movie_etl.py", line 8, in <module>
    from src.movie_data import download_data_to_bigquery, get_rating_average, send_mail
ModuleNotFoundError: No module named 'src'
[2023-06-06T16:42:46.770+0000] {processor.py:768} WARNING - No viable dags retrieved from /opt/airflow/dags/movie_etl.py
[2023-06-06T16:42:46.806+0000] {processor.py:176} INFO - Processing /opt/airflow/dags/movie_etl.py took 0.078 seconds
[2023-06-06T16:42:51.862+0000] {processor.py:154} INFO - Started process (PID=185) to work on /opt/airflow/dags/movie_etl.py
[2023-06-06T16:42:51.868+0000] {processor.py:756} INFO - Processing file /opt/airflow/dags/movie_etl.py for tasks to queue
[2023-06-06T16:42:51.870+0000] {logging_mixin.py:137} INFO - [2023-06-06T16:42:51.870+0000] {dagbag.py:537} INFO - Filling up the DagBag from /opt/airflow/dags/movie_etl.py
[2023-06-06T16:42:51.895+0000] {logging_mixin.py:137} INFO - [2023-06-06T16:42:51.890+0000] {dagbag.py:342} ERROR - Failed to import: /opt/airflow/dags/movie_etl.py
Traceback (most recent call last):
  File "/home/airflow/.local/lib/python3.8/site-packages/airflow/models/dagbag.py", line 338, in parse
    loader.exec_module(new_module)
  File "<frozen importlib._bootstrap_external>", line 843, in exec_module
  File "<frozen importlib._bootstrap>", line 219, in _call_with_frames_removed
  File "/opt/airflow/dags/movie_etl.py", line 8, in <module>
    from src.movie_data import download_data_to_bigquery, get_rating_average, send_mail
ModuleNotFoundError: No module named 'src'
[2023-06-06T16:42:51.900+0000] {processor.py:768} WARNING - No viable dags retrieved from /opt/airflow/dags/movie_etl.py
[2023-06-06T16:42:51.921+0000] {processor.py:176} INFO - Processing /opt/airflow/dags/movie_etl.py took 0.062 seconds
[2023-06-06T16:42:56.979+0000] {processor.py:154} INFO - Started process (PID=198) to work on /opt/airflow/dags/movie_etl.py
[2023-06-06T16:42:56.984+0000] {processor.py:756} INFO - Processing file /opt/airflow/dags/movie_etl.py for tasks to queue
[2023-06-06T16:42:56.987+0000] {logging_mixin.py:137} INFO - [2023-06-06T16:42:56.987+0000] {dagbag.py:537} INFO - Filling up the DagBag from /opt/airflow/dags/movie_etl.py
[2023-06-06T16:42:57.022+0000] {logging_mixin.py:137} INFO - [2023-06-06T16:42:57.012+0000] {dagbag.py:342} ERROR - Failed to import: /opt/airflow/dags/movie_etl.py
Traceback (most recent call last):
  File "/home/airflow/.local/lib/python3.8/site-packages/airflow/models/dagbag.py", line 338, in parse
    loader.exec_module(new_module)
  File "<frozen importlib._bootstrap_external>", line 843, in exec_module
  File "<frozen importlib._bootstrap>", line 219, in _call_with_frames_removed
  File "/opt/airflow/dags/movie_etl.py", line 8, in <module>
    from src.movie_data import download_data_to_bigquery, get_rating_average, send_mail
ModuleNotFoundError: No module named 'src'
[2023-06-06T16:42:57.028+0000] {processor.py:768} WARNING - No viable dags retrieved from /opt/airflow/dags/movie_etl.py
[2023-06-06T16:42:57.048+0000] {processor.py:176} INFO - Processing /opt/airflow/dags/movie_etl.py took 0.072 seconds
[2023-06-06T16:43:02.105+0000] {processor.py:154} INFO - Started process (PID=203) to work on /opt/airflow/dags/movie_etl.py
[2023-06-06T16:43:02.106+0000] {processor.py:756} INFO - Processing file /opt/airflow/dags/movie_etl.py for tasks to queue
[2023-06-06T16:43:02.108+0000] {logging_mixin.py:137} INFO - [2023-06-06T16:43:02.108+0000] {dagbag.py:537} INFO - Filling up the DagBag from /opt/airflow/dags/movie_etl.py
[2023-06-06T16:43:02.128+0000] {logging_mixin.py:137} INFO - [2023-06-06T16:43:02.125+0000] {dagbag.py:342} ERROR - Failed to import: /opt/airflow/dags/movie_etl.py
Traceback (most recent call last):
  File "/home/airflow/.local/lib/python3.8/site-packages/airflow/models/dagbag.py", line 338, in parse
    loader.exec_module(new_module)
  File "<frozen importlib._bootstrap_external>", line 843, in exec_module
  File "<frozen importlib._bootstrap>", line 219, in _call_with_frames_removed
  File "/opt/airflow/dags/movie_etl.py", line 8, in <module>
    from src.movie_data import download_data_to_bigquery, get_rating_average, send_mail
ModuleNotFoundError: No module named 'src'
[2023-06-06T16:43:02.133+0000] {processor.py:768} WARNING - No viable dags retrieved from /opt/airflow/dags/movie_etl.py
[2023-06-06T16:43:02.161+0000] {processor.py:176} INFO - Processing /opt/airflow/dags/movie_etl.py took 0.059 seconds
[2023-06-06T16:43:07.224+0000] {processor.py:154} INFO - Started process (PID=216) to work on /opt/airflow/dags/movie_etl.py
[2023-06-06T16:43:07.226+0000] {processor.py:756} INFO - Processing file /opt/airflow/dags/movie_etl.py for tasks to queue
[2023-06-06T16:43:07.231+0000] {logging_mixin.py:137} INFO - [2023-06-06T16:43:07.231+0000] {dagbag.py:537} INFO - Filling up the DagBag from /opt/airflow/dags/movie_etl.py
[2023-06-06T16:43:07.302+0000] {logging_mixin.py:137} INFO - [2023-06-06T16:43:07.299+0000] {dagbag.py:342} ERROR - Failed to import: /opt/airflow/dags/movie_etl.py
Traceback (most recent call last):
  File "/home/airflow/.local/lib/python3.8/site-packages/airflow/models/dagbag.py", line 338, in parse
    loader.exec_module(new_module)
  File "<frozen importlib._bootstrap_external>", line 843, in exec_module
  File "<frozen importlib._bootstrap>", line 219, in _call_with_frames_removed
  File "/opt/airflow/dags/movie_etl.py", line 8, in <module>
    from src.movie_data import download_data_to_bigquery, get_rating_average, send_mail
ModuleNotFoundError: No module named 'src'
[2023-06-06T16:43:07.307+0000] {processor.py:768} WARNING - No viable dags retrieved from /opt/airflow/dags/movie_etl.py
[2023-06-06T16:43:07.326+0000] {processor.py:176} INFO - Processing /opt/airflow/dags/movie_etl.py took 0.104 seconds
[2023-06-06T16:43:12.393+0000] {processor.py:154} INFO - Started process (PID=221) to work on /opt/airflow/dags/movie_etl.py
[2023-06-06T16:43:12.395+0000] {processor.py:756} INFO - Processing file /opt/airflow/dags/movie_etl.py for tasks to queue
[2023-06-06T16:43:12.397+0000] {logging_mixin.py:137} INFO - [2023-06-06T16:43:12.397+0000] {dagbag.py:537} INFO - Filling up the DagBag from /opt/airflow/dags/movie_etl.py
[2023-06-06T16:43:12.416+0000] {logging_mixin.py:137} INFO - [2023-06-06T16:43:12.413+0000] {dagbag.py:342} ERROR - Failed to import: /opt/airflow/dags/movie_etl.py
Traceback (most recent call last):
  File "/home/airflow/.local/lib/python3.8/site-packages/airflow/models/dagbag.py", line 338, in parse
    loader.exec_module(new_module)
  File "<frozen importlib._bootstrap_external>", line 843, in exec_module
  File "<frozen importlib._bootstrap>", line 219, in _call_with_frames_removed
  File "/opt/airflow/dags/movie_etl.py", line 8, in <module>
    from src.movie_data import download_data_to_bigquery, get_rating_average, send_mail
ModuleNotFoundError: No module named 'src'
[2023-06-06T16:43:12.417+0000] {processor.py:768} WARNING - No viable dags retrieved from /opt/airflow/dags/movie_etl.py
[2023-06-06T16:43:12.436+0000] {processor.py:176} INFO - Processing /opt/airflow/dags/movie_etl.py took 0.047 seconds
[2023-06-06T16:43:17.507+0000] {processor.py:154} INFO - Started process (PID=234) to work on /opt/airflow/dags/movie_etl.py
[2023-06-06T16:43:17.509+0000] {processor.py:756} INFO - Processing file /opt/airflow/dags/movie_etl.py for tasks to queue
[2023-06-06T16:43:17.513+0000] {logging_mixin.py:137} INFO - [2023-06-06T16:43:17.513+0000] {dagbag.py:537} INFO - Filling up the DagBag from /opt/airflow/dags/movie_etl.py
[2023-06-06T16:43:17.536+0000] {logging_mixin.py:137} INFO - [2023-06-06T16:43:17.532+0000] {dagbag.py:342} ERROR - Failed to import: /opt/airflow/dags/movie_etl.py
Traceback (most recent call last):
  File "/home/airflow/.local/lib/python3.8/site-packages/airflow/models/dagbag.py", line 338, in parse
    loader.exec_module(new_module)
  File "<frozen importlib._bootstrap_external>", line 843, in exec_module
  File "<frozen importlib._bootstrap>", line 219, in _call_with_frames_removed
  File "/opt/airflow/dags/movie_etl.py", line 8, in <module>
    from src.movie_data import download_data_to_bigquery, get_rating_average, send_mail
ModuleNotFoundError: No module named 'src'
[2023-06-06T16:43:17.539+0000] {processor.py:768} WARNING - No viable dags retrieved from /opt/airflow/dags/movie_etl.py
[2023-06-06T16:43:17.566+0000] {processor.py:176} INFO - Processing /opt/airflow/dags/movie_etl.py took 0.063 seconds
[2023-06-06T16:43:22.629+0000] {processor.py:154} INFO - Started process (PID=239) to work on /opt/airflow/dags/movie_etl.py
[2023-06-06T16:43:22.635+0000] {processor.py:756} INFO - Processing file /opt/airflow/dags/movie_etl.py for tasks to queue
[2023-06-06T16:43:22.639+0000] {logging_mixin.py:137} INFO - [2023-06-06T16:43:22.639+0000] {dagbag.py:537} INFO - Filling up the DagBag from /opt/airflow/dags/movie_etl.py
[2023-06-06T16:43:22.659+0000] {logging_mixin.py:137} INFO - [2023-06-06T16:43:22.657+0000] {dagbag.py:342} ERROR - Failed to import: /opt/airflow/dags/movie_etl.py
Traceback (most recent call last):
  File "/home/airflow/.local/lib/python3.8/site-packages/airflow/models/dagbag.py", line 338, in parse
    loader.exec_module(new_module)
  File "<frozen importlib._bootstrap_external>", line 843, in exec_module
  File "<frozen importlib._bootstrap>", line 219, in _call_with_frames_removed
  File "/opt/airflow/dags/movie_etl.py", line 8, in <module>
    from src.movie_data import download_data_to_bigquery, get_rating_average, send_mail
ModuleNotFoundError: No module named 'src'
[2023-06-06T16:43:22.660+0000] {processor.py:768} WARNING - No viable dags retrieved from /opt/airflow/dags/movie_etl.py
[2023-06-06T16:43:22.675+0000] {processor.py:176} INFO - Processing /opt/airflow/dags/movie_etl.py took 0.048 seconds
[2023-06-06T16:43:27.722+0000] {processor.py:154} INFO - Started process (PID=252) to work on /opt/airflow/dags/movie_etl.py
[2023-06-06T16:43:27.723+0000] {processor.py:756} INFO - Processing file /opt/airflow/dags/movie_etl.py for tasks to queue
[2023-06-06T16:43:27.724+0000] {logging_mixin.py:137} INFO - [2023-06-06T16:43:27.724+0000] {dagbag.py:537} INFO - Filling up the DagBag from /opt/airflow/dags/movie_etl.py
[2023-06-06T16:43:27.741+0000] {logging_mixin.py:137} INFO - [2023-06-06T16:43:27.739+0000] {dagbag.py:342} ERROR - Failed to import: /opt/airflow/dags/movie_etl.py
Traceback (most recent call last):
  File "/home/airflow/.local/lib/python3.8/site-packages/airflow/models/dagbag.py", line 338, in parse
    loader.exec_module(new_module)
  File "<frozen importlib._bootstrap_external>", line 843, in exec_module
  File "<frozen importlib._bootstrap>", line 219, in _call_with_frames_removed
  File "/opt/airflow/dags/movie_etl.py", line 8, in <module>
    from src.movie_data import download_data_to_bigquery, get_rating_average, send_mail
ModuleNotFoundError: No module named 'src'
[2023-06-06T16:43:27.742+0000] {processor.py:768} WARNING - No viable dags retrieved from /opt/airflow/dags/movie_etl.py
[2023-06-06T16:43:27.754+0000] {processor.py:176} INFO - Processing /opt/airflow/dags/movie_etl.py took 0.035 seconds
[2023-06-06T16:43:33.034+0000] {processor.py:154} INFO - Started process (PID=257) to work on /opt/airflow/dags/movie_etl.py
[2023-06-06T16:43:33.036+0000] {processor.py:756} INFO - Processing file /opt/airflow/dags/movie_etl.py for tasks to queue
[2023-06-06T16:43:33.038+0000] {logging_mixin.py:137} INFO - [2023-06-06T16:43:33.038+0000] {dagbag.py:537} INFO - Filling up the DagBag from /opt/airflow/dags/movie_etl.py
[2023-06-06T16:43:33.066+0000] {logging_mixin.py:137} INFO - [2023-06-06T16:43:33.064+0000] {dagbag.py:342} ERROR - Failed to import: /opt/airflow/dags/movie_etl.py
Traceback (most recent call last):
  File "/home/airflow/.local/lib/python3.8/site-packages/airflow/models/dagbag.py", line 338, in parse
    loader.exec_module(new_module)
  File "<frozen importlib._bootstrap_external>", line 843, in exec_module
  File "<frozen importlib._bootstrap>", line 219, in _call_with_frames_removed
  File "/opt/airflow/dags/movie_etl.py", line 8, in <module>
    from src.movie_data import download_data_to_bigquery, get_rating_average, send_mail
ModuleNotFoundError: No module named 'src'
[2023-06-06T16:43:33.067+0000] {processor.py:768} WARNING - No viable dags retrieved from /opt/airflow/dags/movie_etl.py
[2023-06-06T16:43:33.095+0000] {processor.py:176} INFO - Processing /opt/airflow/dags/movie_etl.py took 0.063 seconds
[2023-06-06T16:43:38.155+0000] {processor.py:154} INFO - Started process (PID=270) to work on /opt/airflow/dags/movie_etl.py
[2023-06-06T16:43:38.156+0000] {processor.py:756} INFO - Processing file /opt/airflow/dags/movie_etl.py for tasks to queue
[2023-06-06T16:43:38.157+0000] {logging_mixin.py:137} INFO - [2023-06-06T16:43:38.157+0000] {dagbag.py:537} INFO - Filling up the DagBag from /opt/airflow/dags/movie_etl.py
[2023-06-06T16:43:38.171+0000] {logging_mixin.py:137} INFO - [2023-06-06T16:43:38.170+0000] {dagbag.py:342} ERROR - Failed to import: /opt/airflow/dags/movie_etl.py
Traceback (most recent call last):
  File "/home/airflow/.local/lib/python3.8/site-packages/airflow/models/dagbag.py", line 338, in parse
    loader.exec_module(new_module)
  File "<frozen importlib._bootstrap_external>", line 843, in exec_module
  File "<frozen importlib._bootstrap>", line 219, in _call_with_frames_removed
  File "/opt/airflow/dags/movie_etl.py", line 8, in <module>
    from src.movie_data import download_data_to_bigquery, get_rating_average, send_mail
ModuleNotFoundError: No module named 'src'
[2023-06-06T16:43:38.173+0000] {processor.py:768} WARNING - No viable dags retrieved from /opt/airflow/dags/movie_etl.py
[2023-06-06T16:43:38.208+0000] {processor.py:176} INFO - Processing /opt/airflow/dags/movie_etl.py took 0.055 seconds
[2023-06-06T16:53:16.703+0000] {processor.py:154} INFO - Started process (PID=163) to work on /opt/airflow/dags/movie_etl.py
[2023-06-06T16:53:16.705+0000] {processor.py:756} INFO - Processing file /opt/airflow/dags/movie_etl.py for tasks to queue
[2023-06-06T16:53:16.708+0000] {logging_mixin.py:137} INFO - [2023-06-06T16:53:16.708+0000] {dagbag.py:537} INFO - Filling up the DagBag from /opt/airflow/dags/movie_etl.py
[2023-06-06T16:53:16.767+0000] {processor.py:766} INFO - DAG(s) dict_keys(['movie_etl']) retrieved from /opt/airflow/dags/movie_etl.py
[2023-06-06T16:53:16.932+0000] {logging_mixin.py:137} INFO - [2023-06-06T16:53:16.932+0000] {manager.py:507} INFO - Created Permission View: can read on DAG:movie_etl
[2023-06-06T16:53:16.938+0000] {logging_mixin.py:137} INFO - [2023-06-06T16:53:16.938+0000] {manager.py:507} INFO - Created Permission View: can delete on DAG:movie_etl
[2023-06-06T16:53:16.943+0000] {logging_mixin.py:137} INFO - [2023-06-06T16:53:16.943+0000] {manager.py:507} INFO - Created Permission View: can edit on DAG:movie_etl
[2023-06-06T16:53:16.945+0000] {logging_mixin.py:137} INFO - [2023-06-06T16:53:16.945+0000] {dag.py:2585} INFO - Sync 1 DAGs
[2023-06-06T16:53:16.952+0000] {logging_mixin.py:137} INFO - [2023-06-06T16:53:16.952+0000] {dag.py:2606} INFO - Creating ORM DAG for movie_etl
[2023-06-06T16:53:16.961+0000] {logging_mixin.py:137} INFO - [2023-06-06T16:53:16.961+0000] {dag.py:3336} INFO - Setting next_dagrun for movie_etl to 2023-06-05T15:00:00+00:00, run_after=2023-06-06T15:00:00+00:00
[2023-06-06T16:53:16.976+0000] {processor.py:176} INFO - Processing /opt/airflow/dags/movie_etl.py took 0.276 seconds
[2023-06-06T16:53:22.122+0000] {processor.py:154} INFO - Started process (PID=168) to work on /opt/airflow/dags/movie_etl.py
[2023-06-06T16:53:22.131+0000] {processor.py:756} INFO - Processing file /opt/airflow/dags/movie_etl.py for tasks to queue
[2023-06-06T16:53:22.136+0000] {logging_mixin.py:137} INFO - [2023-06-06T16:53:22.135+0000] {dagbag.py:537} INFO - Filling up the DagBag from /opt/airflow/dags/movie_etl.py
[2023-06-06T16:53:22.215+0000] {processor.py:766} INFO - DAG(s) dict_keys(['movie_etl']) retrieved from /opt/airflow/dags/movie_etl.py
[2023-06-06T16:53:22.304+0000] {logging_mixin.py:137} INFO - [2023-06-06T16:53:22.304+0000] {dag.py:2585} INFO - Sync 1 DAGs
[2023-06-06T16:53:22.352+0000] {logging_mixin.py:137} INFO - [2023-06-06T16:53:22.351+0000] {dag.py:3336} INFO - Setting next_dagrun for movie_etl to 2023-06-05T15:00:00+00:00, run_after=2023-06-06T15:00:00+00:00
[2023-06-06T16:53:22.415+0000] {processor.py:176} INFO - Processing /opt/airflow/dags/movie_etl.py took 0.306 seconds
[2023-06-06T16:53:27.630+0000] {processor.py:154} INFO - Started process (PID=180) to work on /opt/airflow/dags/movie_etl.py
[2023-06-06T16:53:27.634+0000] {processor.py:756} INFO - Processing file /opt/airflow/dags/movie_etl.py for tasks to queue
[2023-06-06T16:53:27.636+0000] {logging_mixin.py:137} INFO - [2023-06-06T16:53:27.636+0000] {dagbag.py:537} INFO - Filling up the DagBag from /opt/airflow/dags/movie_etl.py
[2023-06-06T16:53:27.695+0000] {processor.py:766} INFO - DAG(s) dict_keys(['movie_etl']) retrieved from /opt/airflow/dags/movie_etl.py
[2023-06-06T16:53:27.758+0000] {logging_mixin.py:137} INFO - [2023-06-06T16:53:27.758+0000] {dag.py:2585} INFO - Sync 1 DAGs
[2023-06-06T16:53:27.789+0000] {logging_mixin.py:137} INFO - [2023-06-06T16:53:27.788+0000] {dag.py:3336} INFO - Setting next_dagrun for movie_etl to 2023-06-05T15:00:00+00:00, run_after=2023-06-06T15:00:00+00:00
[2023-06-06T16:53:27.815+0000] {processor.py:176} INFO - Processing /opt/airflow/dags/movie_etl.py took 0.193 seconds
[2023-06-06T16:53:32.913+0000] {processor.py:154} INFO - Started process (PID=185) to work on /opt/airflow/dags/movie_etl.py
[2023-06-06T16:53:32.915+0000] {processor.py:756} INFO - Processing file /opt/airflow/dags/movie_etl.py for tasks to queue
[2023-06-06T16:53:32.922+0000] {logging_mixin.py:137} INFO - [2023-06-06T16:53:32.922+0000] {dagbag.py:537} INFO - Filling up the DagBag from /opt/airflow/dags/movie_etl.py
[2023-06-06T16:53:32.988+0000] {processor.py:766} INFO - DAG(s) dict_keys(['movie_etl']) retrieved from /opt/airflow/dags/movie_etl.py
[2023-06-06T16:53:33.039+0000] {logging_mixin.py:137} INFO - [2023-06-06T16:53:33.039+0000] {dag.py:2585} INFO - Sync 1 DAGs
[2023-06-06T16:53:33.076+0000] {logging_mixin.py:137} INFO - [2023-06-06T16:53:33.075+0000] {dag.py:3336} INFO - Setting next_dagrun for movie_etl to 2023-06-05T15:00:00+00:00, run_after=2023-06-06T15:00:00+00:00
[2023-06-06T16:53:33.089+0000] {processor.py:176} INFO - Processing /opt/airflow/dags/movie_etl.py took 0.180 seconds
[2023-06-06T16:53:38.172+0000] {processor.py:154} INFO - Started process (PID=198) to work on /opt/airflow/dags/movie_etl.py
[2023-06-06T16:53:38.176+0000] {processor.py:756} INFO - Processing file /opt/airflow/dags/movie_etl.py for tasks to queue
[2023-06-06T16:53:38.179+0000] {logging_mixin.py:137} INFO - [2023-06-06T16:53:38.179+0000] {dagbag.py:537} INFO - Filling up the DagBag from /opt/airflow/dags/movie_etl.py
[2023-06-06T16:53:38.209+0000] {processor.py:766} INFO - DAG(s) dict_keys(['movie_etl']) retrieved from /opt/airflow/dags/movie_etl.py
[2023-06-06T16:53:38.233+0000] {logging_mixin.py:137} INFO - [2023-06-06T16:53:38.233+0000] {dag.py:2585} INFO - Sync 1 DAGs
[2023-06-06T16:53:38.254+0000] {logging_mixin.py:137} INFO - [2023-06-06T16:53:38.254+0000] {dag.py:3336} INFO - Setting next_dagrun for movie_etl to 2023-06-05T15:00:00+00:00, run_after=2023-06-06T15:00:00+00:00
[2023-06-06T16:53:38.268+0000] {processor.py:176} INFO - Processing /opt/airflow/dags/movie_etl.py took 0.100 seconds
[2023-06-06T16:53:43.341+0000] {processor.py:154} INFO - Started process (PID=203) to work on /opt/airflow/dags/movie_etl.py
[2023-06-06T16:53:43.343+0000] {processor.py:756} INFO - Processing file /opt/airflow/dags/movie_etl.py for tasks to queue
[2023-06-06T16:53:43.346+0000] {logging_mixin.py:137} INFO - [2023-06-06T16:53:43.346+0000] {dagbag.py:537} INFO - Filling up the DagBag from /opt/airflow/dags/movie_etl.py
[2023-06-06T16:53:43.379+0000] {processor.py:766} INFO - DAG(s) dict_keys(['movie_etl']) retrieved from /opt/airflow/dags/movie_etl.py
[2023-06-06T16:53:43.402+0000] {logging_mixin.py:137} INFO - [2023-06-06T16:53:43.402+0000] {dag.py:2585} INFO - Sync 1 DAGs
[2023-06-06T16:53:43.419+0000] {logging_mixin.py:137} INFO - [2023-06-06T16:53:43.418+0000] {dag.py:3336} INFO - Setting next_dagrun for movie_etl to 2023-06-05T15:00:00+00:00, run_after=2023-06-06T15:00:00+00:00
[2023-06-06T16:53:43.449+0000] {processor.py:176} INFO - Processing /opt/airflow/dags/movie_etl.py took 0.110 seconds
[2023-06-06T16:53:58.888+0000] {processor.py:154} INFO - Started process (PID=216) to work on /opt/airflow/dags/movie_etl.py
[2023-06-06T16:53:58.947+0000] {processor.py:756} INFO - Processing file /opt/airflow/dags/movie_etl.py for tasks to queue
[2023-06-06T16:53:58.984+0000] {logging_mixin.py:137} INFO - [2023-06-06T16:53:58.984+0000] {dagbag.py:537} INFO - Filling up the DagBag from /opt/airflow/dags/movie_etl.py
[2023-06-06T16:53:59.530+0000] {processor.py:766} INFO - DAG(s) dict_keys(['movie_etl']) retrieved from /opt/airflow/dags/movie_etl.py
[2023-06-06T16:54:02.415+0000] {logging_mixin.py:137} INFO - [2023-06-06T16:54:02.414+0000] {dag.py:2585} INFO - Sync 1 DAGs
[2023-06-06T16:54:02.552+0000] {logging_mixin.py:137} INFO - [2023-06-06T16:54:02.552+0000] {dag.py:3336} INFO - Setting next_dagrun for movie_etl to 2023-06-05T15:00:00+00:00, run_after=2023-06-06T15:00:00+00:00
[2023-06-06T16:54:03.012+0000] {processor.py:176} INFO - Processing /opt/airflow/dags/movie_etl.py took 4.157 seconds
[2023-06-06T17:39:40.086+0000] {processor.py:154} INFO - Started process (PID=231) to work on /opt/airflow/dags/movie_etl.py
[2023-06-06T17:39:40.834+0000] {processor.py:756} INFO - Processing file /opt/airflow/dags/movie_etl.py for tasks to queue
[2023-06-06T17:39:41.844+0000] {logging_mixin.py:137} INFO - [2023-06-06T17:39:41.844+0000] {dagbag.py:537} INFO - Filling up the DagBag from /opt/airflow/dags/movie_etl.py
[2023-06-06T17:39:42.923+0000] {processor.py:766} INFO - DAG(s) dict_keys(['movie_etl']) retrieved from /opt/airflow/dags/movie_etl.py
[2023-06-06T17:39:43.416+0000] {logging_mixin.py:137} INFO - [2023-06-06T17:39:43.416+0000] {dag.py:2585} INFO - Sync 1 DAGs
[2023-06-06T17:39:44.154+0000] {logging_mixin.py:137} INFO - [2023-06-06T17:39:44.154+0000] {dag.py:3336} INFO - Setting next_dagrun for movie_etl to 2023-06-05T15:00:00+00:00, run_after=2023-06-06T15:00:00+00:00
[2023-06-06T17:39:46.443+0000] {processor.py:176} INFO - Processing /opt/airflow/dags/movie_etl.py took 6.363 seconds
[2023-06-06T17:39:54.963+0000] {processor.py:154} INFO - Started process (PID=244) to work on /opt/airflow/dags/movie_etl.py
[2023-06-06T17:39:55.288+0000] {processor.py:756} INFO - Processing file /opt/airflow/dags/movie_etl.py for tasks to queue
[2023-06-06T17:39:55.290+0000] {logging_mixin.py:137} INFO - [2023-06-06T17:39:55.289+0000] {dagbag.py:537} INFO - Filling up the DagBag from /opt/airflow/dags/movie_etl.py
[2023-06-06T17:39:55.744+0000] {processor.py:766} INFO - DAG(s) dict_keys(['movie_etl']) retrieved from /opt/airflow/dags/movie_etl.py
[2023-06-06T17:39:55.826+0000] {logging_mixin.py:137} INFO - [2023-06-06T17:39:55.825+0000] {dag.py:2585} INFO - Sync 1 DAGs
[2023-06-06T17:39:55.902+0000] {logging_mixin.py:137} INFO - [2023-06-06T17:39:55.901+0000] {dag.py:3336} INFO - Setting next_dagrun for movie_etl to 2023-06-05T15:00:00+00:00, run_after=2023-06-06T15:00:00+00:00
[2023-06-06T17:39:56.017+0000] {processor.py:176} INFO - Processing /opt/airflow/dags/movie_etl.py took 1.080 seconds
[2023-06-06T17:40:02.965+0000] {processor.py:154} INFO - Started process (PID=257) to work on /opt/airflow/dags/movie_etl.py
[2023-06-06T17:40:02.976+0000] {processor.py:756} INFO - Processing file /opt/airflow/dags/movie_etl.py for tasks to queue
[2023-06-06T17:40:03.025+0000] {logging_mixin.py:137} INFO - [2023-06-06T17:40:03.025+0000] {dagbag.py:537} INFO - Filling up the DagBag from /opt/airflow/dags/movie_etl.py
[2023-06-06T17:40:03.150+0000] {processor.py:766} INFO - DAG(s) dict_keys(['movie_etl']) retrieved from /opt/airflow/dags/movie_etl.py
[2023-06-06T17:40:03.231+0000] {logging_mixin.py:137} INFO - [2023-06-06T17:40:03.231+0000] {dag.py:2585} INFO - Sync 1 DAGs
[2023-06-06T17:40:03.489+0000] {logging_mixin.py:137} INFO - [2023-06-06T17:40:03.489+0000] {dag.py:3336} INFO - Setting next_dagrun for movie_etl to 2023-06-05T15:00:00+00:00, run_after=2023-06-06T15:00:00+00:00
[2023-06-06T17:40:03.906+0000] {processor.py:176} INFO - Processing /opt/airflow/dags/movie_etl.py took 0.944 seconds
[2023-06-06T17:40:09.192+0000] {processor.py:154} INFO - Started process (PID=262) to work on /opt/airflow/dags/movie_etl.py
[2023-06-06T17:40:09.202+0000] {processor.py:756} INFO - Processing file /opt/airflow/dags/movie_etl.py for tasks to queue
[2023-06-06T17:40:09.222+0000] {logging_mixin.py:137} INFO - [2023-06-06T17:40:09.222+0000] {dagbag.py:537} INFO - Filling up the DagBag from /opt/airflow/dags/movie_etl.py
[2023-06-06T17:40:09.256+0000] {processor.py:766} INFO - DAG(s) dict_keys(['movie_etl']) retrieved from /opt/airflow/dags/movie_etl.py
[2023-06-06T17:40:09.291+0000] {logging_mixin.py:137} INFO - [2023-06-06T17:40:09.291+0000] {dag.py:2585} INFO - Sync 1 DAGs
[2023-06-06T17:40:09.308+0000] {logging_mixin.py:137} INFO - [2023-06-06T17:40:09.308+0000] {dag.py:3336} INFO - Setting next_dagrun for movie_etl to 2023-06-05T15:00:00+00:00, run_after=2023-06-06T15:00:00+00:00
[2023-06-06T17:40:09.334+0000] {processor.py:176} INFO - Processing /opt/airflow/dags/movie_etl.py took 0.145 seconds
[2023-06-06T17:40:14.454+0000] {processor.py:154} INFO - Started process (PID=275) to work on /opt/airflow/dags/movie_etl.py
[2023-06-06T17:40:14.618+0000] {processor.py:756} INFO - Processing file /opt/airflow/dags/movie_etl.py for tasks to queue
[2023-06-06T17:40:14.623+0000] {logging_mixin.py:137} INFO - [2023-06-06T17:40:14.622+0000] {dagbag.py:537} INFO - Filling up the DagBag from /opt/airflow/dags/movie_etl.py
[2023-06-06T17:40:14.725+0000] {processor.py:766} INFO - DAG(s) dict_keys(['movie_etl']) retrieved from /opt/airflow/dags/movie_etl.py
[2023-06-06T17:40:15.381+0000] {logging_mixin.py:137} INFO - [2023-06-06T17:40:15.381+0000] {dag.py:2585} INFO - Sync 1 DAGs
[2023-06-06T17:40:15.792+0000] {logging_mixin.py:137} INFO - [2023-06-06T17:40:15.792+0000] {dag.py:3336} INFO - Setting next_dagrun for movie_etl to 2023-06-05T15:00:00+00:00, run_after=2023-06-06T15:00:00+00:00
[2023-06-06T17:40:15.838+0000] {processor.py:176} INFO - Processing /opt/airflow/dags/movie_etl.py took 1.387 seconds
[2023-06-06T17:40:21.499+0000] {processor.py:154} INFO - Started process (PID=280) to work on /opt/airflow/dags/movie_etl.py
[2023-06-06T17:40:21.501+0000] {processor.py:756} INFO - Processing file /opt/airflow/dags/movie_etl.py for tasks to queue
[2023-06-06T17:40:21.502+0000] {logging_mixin.py:137} INFO - [2023-06-06T17:40:21.502+0000] {dagbag.py:537} INFO - Filling up the DagBag from /opt/airflow/dags/movie_etl.py
[2023-06-06T17:40:21.535+0000] {processor.py:766} INFO - DAG(s) dict_keys(['movie_etl']) retrieved from /opt/airflow/dags/movie_etl.py
[2023-06-06T17:40:21.574+0000] {logging_mixin.py:137} INFO - [2023-06-06T17:40:21.574+0000] {dag.py:2585} INFO - Sync 1 DAGs
[2023-06-06T17:40:21.593+0000] {logging_mixin.py:137} INFO - [2023-06-06T17:40:21.593+0000] {dag.py:3336} INFO - Setting next_dagrun for movie_etl to 2023-06-05T15:00:00+00:00, run_after=2023-06-06T15:00:00+00:00
[2023-06-06T17:40:21.608+0000] {processor.py:176} INFO - Processing /opt/airflow/dags/movie_etl.py took 0.113 seconds
[2023-06-06T17:40:26.684+0000] {processor.py:154} INFO - Started process (PID=293) to work on /opt/airflow/dags/movie_etl.py
[2023-06-06T17:40:26.686+0000] {processor.py:756} INFO - Processing file /opt/airflow/dags/movie_etl.py for tasks to queue
[2023-06-06T17:40:26.688+0000] {logging_mixin.py:137} INFO - [2023-06-06T17:40:26.688+0000] {dagbag.py:537} INFO - Filling up the DagBag from /opt/airflow/dags/movie_etl.py
[2023-06-06T17:40:26.724+0000] {processor.py:766} INFO - DAG(s) dict_keys(['movie_etl']) retrieved from /opt/airflow/dags/movie_etl.py
[2023-06-06T17:40:26.747+0000] {logging_mixin.py:137} INFO - [2023-06-06T17:40:26.747+0000] {dag.py:2585} INFO - Sync 1 DAGs
[2023-06-06T17:40:26.759+0000] {logging_mixin.py:137} INFO - [2023-06-06T17:40:26.759+0000] {dag.py:3336} INFO - Setting next_dagrun for movie_etl to 2023-06-05T15:00:00+00:00, run_after=2023-06-06T15:00:00+00:00
[2023-06-06T17:40:26.768+0000] {processor.py:176} INFO - Processing /opt/airflow/dags/movie_etl.py took 0.087 seconds
[2023-06-06T17:40:35.692+0000] {processor.py:154} INFO - Started process (PID=298) to work on /opt/airflow/dags/movie_etl.py
[2023-06-06T17:40:35.997+0000] {processor.py:756} INFO - Processing file /opt/airflow/dags/movie_etl.py for tasks to queue
[2023-06-06T17:40:36.278+0000] {logging_mixin.py:137} INFO - [2023-06-06T17:40:36.278+0000] {dagbag.py:537} INFO - Filling up the DagBag from /opt/airflow/dags/movie_etl.py
[2023-06-06T17:40:36.559+0000] {processor.py:766} INFO - DAG(s) dict_keys(['movie_etl']) retrieved from /opt/airflow/dags/movie_etl.py
[2023-06-06T17:40:36.641+0000] {logging_mixin.py:137} INFO - [2023-06-06T17:40:36.641+0000] {dag.py:2585} INFO - Sync 1 DAGs
[2023-06-06T17:40:36.680+0000] {logging_mixin.py:137} INFO - [2023-06-06T17:40:36.680+0000] {dag.py:3336} INFO - Setting next_dagrun for movie_etl to 2023-06-05T15:00:00+00:00, run_after=2023-06-06T15:00:00+00:00
[2023-06-06T17:40:36.700+0000] {processor.py:176} INFO - Processing /opt/airflow/dags/movie_etl.py took 1.126 seconds
[2023-06-06T17:40:41.911+0000] {processor.py:154} INFO - Started process (PID=310) to work on /opt/airflow/dags/movie_etl.py
[2023-06-06T17:40:41.915+0000] {processor.py:756} INFO - Processing file /opt/airflow/dags/movie_etl.py for tasks to queue
[2023-06-06T17:40:41.921+0000] {logging_mixin.py:137} INFO - [2023-06-06T17:40:41.921+0000] {dagbag.py:537} INFO - Filling up the DagBag from /opt/airflow/dags/movie_etl.py
[2023-06-06T17:40:41.976+0000] {processor.py:766} INFO - DAG(s) dict_keys(['movie_etl']) retrieved from /opt/airflow/dags/movie_etl.py
[2023-06-06T17:40:42.034+0000] {logging_mixin.py:137} INFO - [2023-06-06T17:40:42.034+0000] {dag.py:2585} INFO - Sync 1 DAGs
[2023-06-06T17:40:42.061+0000] {logging_mixin.py:137} INFO - [2023-06-06T17:40:42.061+0000] {dag.py:3336} INFO - Setting next_dagrun for movie_etl to 2023-06-05T15:00:00+00:00, run_after=2023-06-06T15:00:00+00:00
[2023-06-06T17:40:42.082+0000] {processor.py:176} INFO - Processing /opt/airflow/dags/movie_etl.py took 0.177 seconds
[2023-06-06T17:40:47.262+0000] {processor.py:154} INFO - Started process (PID=321) to work on /opt/airflow/dags/movie_etl.py
[2023-06-06T17:40:47.362+0000] {processor.py:756} INFO - Processing file /opt/airflow/dags/movie_etl.py for tasks to queue
[2023-06-06T17:40:47.370+0000] {logging_mixin.py:137} INFO - [2023-06-06T17:40:47.370+0000] {dagbag.py:537} INFO - Filling up the DagBag from /opt/airflow/dags/movie_etl.py
[2023-06-06T17:40:48.076+0000] {processor.py:766} INFO - DAG(s) dict_keys(['movie_etl']) retrieved from /opt/airflow/dags/movie_etl.py
[2023-06-06T17:40:48.403+0000] {logging_mixin.py:137} INFO - [2023-06-06T17:40:48.403+0000] {dag.py:2585} INFO - Sync 1 DAGs
[2023-06-06T17:40:48.434+0000] {logging_mixin.py:137} INFO - [2023-06-06T17:40:48.434+0000] {dag.py:3336} INFO - Setting next_dagrun for movie_etl to 2023-06-05T15:00:00+00:00, run_after=2023-06-06T15:00:00+00:00
[2023-06-06T17:40:48.503+0000] {processor.py:176} INFO - Processing /opt/airflow/dags/movie_etl.py took 1.246 seconds
[2023-06-06T17:40:53.921+0000] {processor.py:154} INFO - Started process (PID=328) to work on /opt/airflow/dags/movie_etl.py
[2023-06-06T17:40:53.999+0000] {processor.py:756} INFO - Processing file /opt/airflow/dags/movie_etl.py for tasks to queue
[2023-06-06T17:40:54.080+0000] {logging_mixin.py:137} INFO - [2023-06-06T17:40:54.080+0000] {dagbag.py:537} INFO - Filling up the DagBag from /opt/airflow/dags/movie_etl.py
[2023-06-06T17:40:54.576+0000] {processor.py:766} INFO - DAG(s) dict_keys(['movie_etl']) retrieved from /opt/airflow/dags/movie_etl.py
[2023-06-06T17:40:54.640+0000] {logging_mixin.py:137} INFO - [2023-06-06T17:40:54.639+0000] {dag.py:2585} INFO - Sync 1 DAGs
[2023-06-06T17:40:54.691+0000] {logging_mixin.py:137} INFO - [2023-06-06T17:40:54.691+0000] {dag.py:3336} INFO - Setting next_dagrun for movie_etl to 2023-06-05T15:00:00+00:00, run_after=2023-06-06T15:00:00+00:00
[2023-06-06T17:40:54.744+0000] {processor.py:176} INFO - Processing /opt/airflow/dags/movie_etl.py took 0.826 seconds
[2023-06-06T17:41:00.878+0000] {processor.py:154} INFO - Started process (PID=341) to work on /opt/airflow/dags/movie_etl.py
[2023-06-06T17:41:00.896+0000] {processor.py:756} INFO - Processing file /opt/airflow/dags/movie_etl.py for tasks to queue
[2023-06-06T17:41:00.955+0000] {logging_mixin.py:137} INFO - [2023-06-06T17:41:00.954+0000] {dagbag.py:537} INFO - Filling up the DagBag from /opt/airflow/dags/movie_etl.py
[2023-06-06T17:41:01.314+0000] {processor.py:766} INFO - DAG(s) dict_keys(['movie_etl']) retrieved from /opt/airflow/dags/movie_etl.py
[2023-06-06T17:41:01.628+0000] {logging_mixin.py:137} INFO - [2023-06-06T17:41:01.628+0000] {dag.py:2585} INFO - Sync 1 DAGs
[2023-06-06T17:41:01.785+0000] {logging_mixin.py:137} INFO - [2023-06-06T17:41:01.785+0000] {dag.py:3336} INFO - Setting next_dagrun for movie_etl to 2023-06-05T15:00:00+00:00, run_after=2023-06-06T15:00:00+00:00
[2023-06-06T17:41:01.943+0000] {processor.py:176} INFO - Processing /opt/airflow/dags/movie_etl.py took 1.069 seconds
[2023-06-06T17:41:07.444+0000] {processor.py:154} INFO - Started process (PID=346) to work on /opt/airflow/dags/movie_etl.py
[2023-06-06T17:41:07.470+0000] {processor.py:756} INFO - Processing file /opt/airflow/dags/movie_etl.py for tasks to queue
[2023-06-06T17:41:07.472+0000] {logging_mixin.py:137} INFO - [2023-06-06T17:41:07.472+0000] {dagbag.py:537} INFO - Filling up the DagBag from /opt/airflow/dags/movie_etl.py
[2023-06-06T17:41:07.535+0000] {processor.py:766} INFO - DAG(s) dict_keys(['movie_etl']) retrieved from /opt/airflow/dags/movie_etl.py
[2023-06-06T17:41:07.592+0000] {logging_mixin.py:137} INFO - [2023-06-06T17:41:07.592+0000] {dag.py:2585} INFO - Sync 1 DAGs
[2023-06-06T17:41:07.606+0000] {logging_mixin.py:137} INFO - [2023-06-06T17:41:07.605+0000] {dag.py:3336} INFO - Setting next_dagrun for movie_etl to 2023-06-05T15:00:00+00:00, run_after=2023-06-06T15:00:00+00:00
[2023-06-06T17:41:07.643+0000] {processor.py:176} INFO - Processing /opt/airflow/dags/movie_etl.py took 0.202 seconds
[2023-06-06T17:41:14.020+0000] {processor.py:154} INFO - Started process (PID=359) to work on /opt/airflow/dags/movie_etl.py
[2023-06-06T17:41:14.265+0000] {processor.py:756} INFO - Processing file /opt/airflow/dags/movie_etl.py for tasks to queue
[2023-06-06T17:41:14.446+0000] {logging_mixin.py:137} INFO - [2023-06-06T17:41:14.445+0000] {dagbag.py:537} INFO - Filling up the DagBag from /opt/airflow/dags/movie_etl.py
[2023-06-06T17:41:14.584+0000] {processor.py:766} INFO - DAG(s) dict_keys(['movie_etl']) retrieved from /opt/airflow/dags/movie_etl.py
[2023-06-06T17:41:14.802+0000] {logging_mixin.py:137} INFO - [2023-06-06T17:41:14.802+0000] {dag.py:2585} INFO - Sync 1 DAGs
[2023-06-06T17:41:14.846+0000] {logging_mixin.py:137} INFO - [2023-06-06T17:41:14.845+0000] {dag.py:3336} INFO - Setting next_dagrun for movie_etl to 2023-06-05T15:00:00+00:00, run_after=2023-06-06T15:00:00+00:00
[2023-06-06T17:41:14.879+0000] {processor.py:176} INFO - Processing /opt/airflow/dags/movie_etl.py took 0.864 seconds
[2023-06-06T17:41:20.051+0000] {processor.py:154} INFO - Started process (PID=364) to work on /opt/airflow/dags/movie_etl.py
[2023-06-06T17:41:20.055+0000] {processor.py:756} INFO - Processing file /opt/airflow/dags/movie_etl.py for tasks to queue
[2023-06-06T17:41:20.059+0000] {logging_mixin.py:137} INFO - [2023-06-06T17:41:20.059+0000] {dagbag.py:537} INFO - Filling up the DagBag from /opt/airflow/dags/movie_etl.py
[2023-06-06T17:41:20.105+0000] {processor.py:766} INFO - DAG(s) dict_keys(['movie_etl']) retrieved from /opt/airflow/dags/movie_etl.py
[2023-06-06T17:41:20.144+0000] {logging_mixin.py:137} INFO - [2023-06-06T17:41:20.144+0000] {dag.py:2585} INFO - Sync 1 DAGs
[2023-06-06T17:41:20.165+0000] {logging_mixin.py:137} INFO - [2023-06-06T17:41:20.165+0000] {dag.py:3336} INFO - Setting next_dagrun for movie_etl to 2023-06-05T15:00:00+00:00, run_after=2023-06-06T15:00:00+00:00
[2023-06-06T17:41:20.183+0000] {processor.py:176} INFO - Processing /opt/airflow/dags/movie_etl.py took 0.141 seconds
[2023-06-06T17:41:25.274+0000] {processor.py:154} INFO - Started process (PID=377) to work on /opt/airflow/dags/movie_etl.py
[2023-06-06T17:41:25.277+0000] {processor.py:756} INFO - Processing file /opt/airflow/dags/movie_etl.py for tasks to queue
[2023-06-06T17:41:25.279+0000] {logging_mixin.py:137} INFO - [2023-06-06T17:41:25.279+0000] {dagbag.py:537} INFO - Filling up the DagBag from /opt/airflow/dags/movie_etl.py
[2023-06-06T17:41:25.304+0000] {processor.py:766} INFO - DAG(s) dict_keys(['movie_etl']) retrieved from /opt/airflow/dags/movie_etl.py
[2023-06-06T17:41:25.332+0000] {logging_mixin.py:137} INFO - [2023-06-06T17:41:25.332+0000] {dag.py:2585} INFO - Sync 1 DAGs
[2023-06-06T17:41:25.346+0000] {logging_mixin.py:137} INFO - [2023-06-06T17:41:25.346+0000] {dag.py:3336} INFO - Setting next_dagrun for movie_etl to 2023-06-05T15:00:00+00:00, run_after=2023-06-06T15:00:00+00:00
[2023-06-06T17:41:25.356+0000] {processor.py:176} INFO - Processing /opt/airflow/dags/movie_etl.py took 0.086 seconds
[2023-06-06T17:41:30.405+0000] {processor.py:154} INFO - Started process (PID=382) to work on /opt/airflow/dags/movie_etl.py
[2023-06-06T17:41:30.406+0000] {processor.py:756} INFO - Processing file /opt/airflow/dags/movie_etl.py for tasks to queue
[2023-06-06T17:41:30.407+0000] {logging_mixin.py:137} INFO - [2023-06-06T17:41:30.407+0000] {dagbag.py:537} INFO - Filling up the DagBag from /opt/airflow/dags/movie_etl.py
[2023-06-06T17:41:30.426+0000] {processor.py:766} INFO - DAG(s) dict_keys(['movie_etl']) retrieved from /opt/airflow/dags/movie_etl.py
[2023-06-06T17:41:30.449+0000] {logging_mixin.py:137} INFO - [2023-06-06T17:41:30.449+0000] {dag.py:2585} INFO - Sync 1 DAGs
[2023-06-06T17:41:30.463+0000] {logging_mixin.py:137} INFO - [2023-06-06T17:41:30.462+0000] {dag.py:3336} INFO - Setting next_dagrun for movie_etl to 2023-06-05T15:00:00+00:00, run_after=2023-06-06T15:00:00+00:00
[2023-06-06T17:41:30.473+0000] {processor.py:176} INFO - Processing /opt/airflow/dags/movie_etl.py took 0.070 seconds
[2023-06-06T17:41:35.523+0000] {processor.py:154} INFO - Started process (PID=395) to work on /opt/airflow/dags/movie_etl.py
[2023-06-06T17:41:35.525+0000] {processor.py:756} INFO - Processing file /opt/airflow/dags/movie_etl.py for tasks to queue
[2023-06-06T17:41:35.526+0000] {logging_mixin.py:137} INFO - [2023-06-06T17:41:35.526+0000] {dagbag.py:537} INFO - Filling up the DagBag from /opt/airflow/dags/movie_etl.py
[2023-06-06T17:41:35.568+0000] {processor.py:766} INFO - DAG(s) dict_keys(['movie_etl']) retrieved from /opt/airflow/dags/movie_etl.py
[2023-06-06T17:41:35.605+0000] {logging_mixin.py:137} INFO - [2023-06-06T17:41:35.605+0000] {dag.py:2585} INFO - Sync 1 DAGs
[2023-06-06T17:41:35.625+0000] {logging_mixin.py:137} INFO - [2023-06-06T17:41:35.625+0000] {dag.py:3336} INFO - Setting next_dagrun for movie_etl to 2023-06-05T15:00:00+00:00, run_after=2023-06-06T15:00:00+00:00
[2023-06-06T17:41:35.639+0000] {processor.py:176} INFO - Processing /opt/airflow/dags/movie_etl.py took 0.118 seconds
[2023-06-06T17:41:40.767+0000] {processor.py:154} INFO - Started process (PID=400) to work on /opt/airflow/dags/movie_etl.py
[2023-06-06T17:41:40.768+0000] {processor.py:756} INFO - Processing file /opt/airflow/dags/movie_etl.py for tasks to queue
[2023-06-06T17:41:40.769+0000] {logging_mixin.py:137} INFO - [2023-06-06T17:41:40.769+0000] {dagbag.py:537} INFO - Filling up the DagBag from /opt/airflow/dags/movie_etl.py
[2023-06-06T17:41:40.812+0000] {processor.py:766} INFO - DAG(s) dict_keys(['movie_etl']) retrieved from /opt/airflow/dags/movie_etl.py
[2023-06-06T17:41:40.863+0000] {logging_mixin.py:137} INFO - [2023-06-06T17:41:40.863+0000] {dag.py:2585} INFO - Sync 1 DAGs
[2023-06-06T17:41:40.893+0000] {logging_mixin.py:137} INFO - [2023-06-06T17:41:40.893+0000] {dag.py:3336} INFO - Setting next_dagrun for movie_etl to 2023-06-05T15:00:00+00:00, run_after=2023-06-06T15:00:00+00:00
[2023-06-06T17:41:40.908+0000] {processor.py:176} INFO - Processing /opt/airflow/dags/movie_etl.py took 0.144 seconds
[2023-06-06T17:41:45.964+0000] {processor.py:154} INFO - Started process (PID=413) to work on /opt/airflow/dags/movie_etl.py
[2023-06-06T17:41:45.966+0000] {processor.py:756} INFO - Processing file /opt/airflow/dags/movie_etl.py for tasks to queue
[2023-06-06T17:41:45.967+0000] {logging_mixin.py:137} INFO - [2023-06-06T17:41:45.967+0000] {dagbag.py:537} INFO - Filling up the DagBag from /opt/airflow/dags/movie_etl.py
[2023-06-06T17:41:45.984+0000] {processor.py:766} INFO - DAG(s) dict_keys(['movie_etl']) retrieved from /opt/airflow/dags/movie_etl.py
[2023-06-06T17:41:46.011+0000] {logging_mixin.py:137} INFO - [2023-06-06T17:41:46.011+0000] {dag.py:2585} INFO - Sync 1 DAGs
[2023-06-06T17:41:46.027+0000] {logging_mixin.py:137} INFO - [2023-06-06T17:41:46.027+0000] {dag.py:3336} INFO - Setting next_dagrun for movie_etl to 2023-06-05T15:00:00+00:00, run_after=2023-06-06T15:00:00+00:00
[2023-06-06T17:41:46.038+0000] {processor.py:176} INFO - Processing /opt/airflow/dags/movie_etl.py took 0.076 seconds
[2023-06-06T17:58:27.008+0000] {processor.py:154} INFO - Started process (PID=418) to work on /opt/airflow/dags/movie_etl.py
[2023-06-06T17:58:27.010+0000] {processor.py:756} INFO - Processing file /opt/airflow/dags/movie_etl.py for tasks to queue
[2023-06-06T17:58:27.017+0000] {logging_mixin.py:137} INFO - [2023-06-06T17:58:27.016+0000] {dagbag.py:537} INFO - Filling up the DagBag from /opt/airflow/dags/movie_etl.py
[2023-06-06T17:58:27.072+0000] {processor.py:766} INFO - DAG(s) dict_keys(['movie_etl']) retrieved from /opt/airflow/dags/movie_etl.py
[2023-06-06T17:58:27.132+0000] {logging_mixin.py:137} INFO - [2023-06-06T17:58:27.132+0000] {dag.py:2585} INFO - Sync 1 DAGs
[2023-06-06T17:58:27.163+0000] {logging_mixin.py:137} INFO - [2023-06-06T17:58:27.163+0000] {dag.py:3336} INFO - Setting next_dagrun for movie_etl to 2023-06-05T15:00:00+00:00, run_after=2023-06-06T15:00:00+00:00
[2023-06-06T17:58:27.188+0000] {processor.py:176} INFO - Processing /opt/airflow/dags/movie_etl.py took 0.185 seconds
[2023-06-06T17:58:33.187+0000] {processor.py:154} INFO - Started process (PID=434) to work on /opt/airflow/dags/movie_etl.py
[2023-06-06T17:58:33.383+0000] {processor.py:756} INFO - Processing file /opt/airflow/dags/movie_etl.py for tasks to queue
[2023-06-06T17:58:33.782+0000] {logging_mixin.py:137} INFO - [2023-06-06T17:58:33.782+0000] {dagbag.py:537} INFO - Filling up the DagBag from /opt/airflow/dags/movie_etl.py
[2023-06-06T17:58:34.059+0000] {processor.py:766} INFO - DAG(s) dict_keys(['movie_etl']) retrieved from /opt/airflow/dags/movie_etl.py
[2023-06-06T17:58:34.118+0000] {logging_mixin.py:137} INFO - [2023-06-06T17:58:34.118+0000] {dag.py:2585} INFO - Sync 1 DAGs
[2023-06-06T17:58:34.139+0000] {logging_mixin.py:137} INFO - [2023-06-06T17:58:34.139+0000] {dag.py:3336} INFO - Setting next_dagrun for movie_etl to 2023-06-05T15:00:00+00:00, run_after=2023-06-06T15:00:00+00:00
[2023-06-06T17:58:34.155+0000] {processor.py:176} INFO - Processing /opt/airflow/dags/movie_etl.py took 0.978 seconds
[2023-06-06T17:58:39.428+0000] {processor.py:154} INFO - Started process (PID=439) to work on /opt/airflow/dags/movie_etl.py
[2023-06-06T17:58:39.432+0000] {processor.py:756} INFO - Processing file /opt/airflow/dags/movie_etl.py for tasks to queue
[2023-06-06T17:58:39.433+0000] {logging_mixin.py:137} INFO - [2023-06-06T17:58:39.433+0000] {dagbag.py:537} INFO - Filling up the DagBag from /opt/airflow/dags/movie_etl.py
[2023-06-06T17:58:39.488+0000] {processor.py:766} INFO - DAG(s) dict_keys(['movie_etl']) retrieved from /opt/airflow/dags/movie_etl.py
[2023-06-06T17:58:39.528+0000] {logging_mixin.py:137} INFO - [2023-06-06T17:58:39.528+0000] {dag.py:2585} INFO - Sync 1 DAGs
[2023-06-06T17:58:39.546+0000] {logging_mixin.py:137} INFO - [2023-06-06T17:58:39.545+0000] {dag.py:3336} INFO - Setting next_dagrun for movie_etl to 2023-06-05T15:00:00+00:00, run_after=2023-06-06T15:00:00+00:00
[2023-06-06T17:58:39.558+0000] {processor.py:176} INFO - Processing /opt/airflow/dags/movie_etl.py took 0.133 seconds
[2023-06-06T17:58:44.826+0000] {processor.py:154} INFO - Started process (PID=452) to work on /opt/airflow/dags/movie_etl.py
[2023-06-06T17:58:44.829+0000] {processor.py:756} INFO - Processing file /opt/airflow/dags/movie_etl.py for tasks to queue
[2023-06-06T17:58:44.831+0000] {logging_mixin.py:137} INFO - [2023-06-06T17:58:44.831+0000] {dagbag.py:537} INFO - Filling up the DagBag from /opt/airflow/dags/movie_etl.py
[2023-06-06T17:58:44.870+0000] {processor.py:766} INFO - DAG(s) dict_keys(['movie_etl']) retrieved from /opt/airflow/dags/movie_etl.py
[2023-06-06T17:58:44.915+0000] {logging_mixin.py:137} INFO - [2023-06-06T17:58:44.914+0000] {dag.py:2585} INFO - Sync 1 DAGs
[2023-06-06T17:58:44.935+0000] {logging_mixin.py:137} INFO - [2023-06-06T17:58:44.935+0000] {dag.py:3336} INFO - Setting next_dagrun for movie_etl to 2023-06-05T15:00:00+00:00, run_after=2023-06-06T15:00:00+00:00
[2023-06-06T17:58:44.964+0000] {processor.py:176} INFO - Processing /opt/airflow/dags/movie_etl.py took 0.142 seconds
[2023-06-06T17:58:50.171+0000] {processor.py:154} INFO - Started process (PID=457) to work on /opt/airflow/dags/movie_etl.py
[2023-06-06T17:58:50.173+0000] {processor.py:756} INFO - Processing file /opt/airflow/dags/movie_etl.py for tasks to queue
[2023-06-06T17:58:50.175+0000] {logging_mixin.py:137} INFO - [2023-06-06T17:58:50.174+0000] {dagbag.py:537} INFO - Filling up the DagBag from /opt/airflow/dags/movie_etl.py
[2023-06-06T17:58:50.214+0000] {processor.py:766} INFO - DAG(s) dict_keys(['movie_etl']) retrieved from /opt/airflow/dags/movie_etl.py
[2023-06-06T17:58:50.249+0000] {logging_mixin.py:137} INFO - [2023-06-06T17:58:50.249+0000] {dag.py:2585} INFO - Sync 1 DAGs
[2023-06-06T17:58:50.265+0000] {logging_mixin.py:137} INFO - [2023-06-06T17:58:50.265+0000] {dag.py:3336} INFO - Setting next_dagrun for movie_etl to 2023-06-05T15:00:00+00:00, run_after=2023-06-06T15:00:00+00:00
[2023-06-06T17:58:50.277+0000] {processor.py:176} INFO - Processing /opt/airflow/dags/movie_etl.py took 0.109 seconds
[2023-06-06T17:58:55.349+0000] {processor.py:154} INFO - Started process (PID=462) to work on /opt/airflow/dags/movie_etl.py
[2023-06-06T17:58:55.352+0000] {processor.py:756} INFO - Processing file /opt/airflow/dags/movie_etl.py for tasks to queue
[2023-06-06T17:58:55.355+0000] {logging_mixin.py:137} INFO - [2023-06-06T17:58:55.355+0000] {dagbag.py:537} INFO - Filling up the DagBag from /opt/airflow/dags/movie_etl.py
[2023-06-06T17:58:55.378+0000] {processor.py:766} INFO - DAG(s) dict_keys(['movie_etl']) retrieved from /opt/airflow/dags/movie_etl.py
[2023-06-06T17:58:55.409+0000] {logging_mixin.py:137} INFO - [2023-06-06T17:58:55.409+0000] {dag.py:2585} INFO - Sync 1 DAGs
[2023-06-06T17:58:55.423+0000] {logging_mixin.py:137} INFO - [2023-06-06T17:58:55.423+0000] {dag.py:3336} INFO - Setting next_dagrun for movie_etl to 2023-06-05T15:00:00+00:00, run_after=2023-06-06T15:00:00+00:00
[2023-06-06T17:58:55.434+0000] {processor.py:176} INFO - Processing /opt/airflow/dags/movie_etl.py took 0.087 seconds
[2023-06-06T18:30:49.453+0000] {processor.py:154} INFO - Started process (PID=475) to work on /opt/airflow/dags/movie_etl.py
[2023-06-06T18:30:49.458+0000] {processor.py:756} INFO - Processing file /opt/airflow/dags/movie_etl.py for tasks to queue
[2023-06-06T18:30:49.459+0000] {logging_mixin.py:137} INFO - [2023-06-06T18:30:49.459+0000] {dagbag.py:537} INFO - Filling up the DagBag from /opt/airflow/dags/movie_etl.py
[2023-06-06T18:30:49.478+0000] {processor.py:766} INFO - DAG(s) dict_keys(['movie_etl']) retrieved from /opt/airflow/dags/movie_etl.py
[2023-06-06T18:30:49.500+0000] {logging_mixin.py:137} INFO - [2023-06-06T18:30:49.500+0000] {dag.py:2585} INFO - Sync 1 DAGs
[2023-06-06T18:30:49.512+0000] {logging_mixin.py:137} INFO - [2023-06-06T18:30:49.512+0000] {dag.py:3336} INFO - Setting next_dagrun for movie_etl to 2023-06-05T15:00:00+00:00, run_after=2023-06-06T15:00:00+00:00
[2023-06-06T18:30:49.521+0000] {processor.py:176} INFO - Processing /opt/airflow/dags/movie_etl.py took 0.070 seconds
[2023-06-06T18:30:55.267+0000] {processor.py:154} INFO - Started process (PID=480) to work on /opt/airflow/dags/movie_etl.py
[2023-06-06T18:30:55.276+0000] {processor.py:756} INFO - Processing file /opt/airflow/dags/movie_etl.py for tasks to queue
[2023-06-06T18:30:55.282+0000] {logging_mixin.py:137} INFO - [2023-06-06T18:30:55.282+0000] {dagbag.py:537} INFO - Filling up the DagBag from /opt/airflow/dags/movie_etl.py
[2023-06-06T18:30:55.383+0000] {processor.py:766} INFO - DAG(s) dict_keys(['movie_etl']) retrieved from /opt/airflow/dags/movie_etl.py
[2023-06-06T18:30:55.497+0000] {logging_mixin.py:137} INFO - [2023-06-06T18:30:55.497+0000] {dag.py:2585} INFO - Sync 1 DAGs
[2023-06-06T18:30:55.557+0000] {logging_mixin.py:137} INFO - [2023-06-06T18:30:55.557+0000] {dag.py:3336} INFO - Setting next_dagrun for movie_etl to 2023-06-05T15:00:00+00:00, run_after=2023-06-06T15:00:00+00:00
[2023-06-06T18:30:55.601+0000] {processor.py:176} INFO - Processing /opt/airflow/dags/movie_etl.py took 0.346 seconds
[2023-06-06T18:31:01.499+0000] {processor.py:154} INFO - Started process (PID=494) to work on /opt/airflow/dags/movie_etl.py
[2023-06-06T18:31:01.514+0000] {processor.py:756} INFO - Processing file /opt/airflow/dags/movie_etl.py for tasks to queue
[2023-06-06T18:31:01.521+0000] {logging_mixin.py:137} INFO - [2023-06-06T18:31:01.521+0000] {dagbag.py:537} INFO - Filling up the DagBag from /opt/airflow/dags/movie_etl.py
[2023-06-06T18:31:01.591+0000] {processor.py:766} INFO - DAG(s) dict_keys(['movie_etl']) retrieved from /opt/airflow/dags/movie_etl.py
[2023-06-06T18:31:01.661+0000] {logging_mixin.py:137} INFO - [2023-06-06T18:31:01.660+0000] {dag.py:2585} INFO - Sync 1 DAGs
[2023-06-06T18:31:01.707+0000] {logging_mixin.py:137} INFO - [2023-06-06T18:31:01.707+0000] {dag.py:3336} INFO - Setting next_dagrun for movie_etl to 2023-06-05T15:00:00+00:00, run_after=2023-06-06T15:00:00+00:00
[2023-06-06T18:31:01.746+0000] {processor.py:176} INFO - Processing /opt/airflow/dags/movie_etl.py took 0.252 seconds
[2023-06-06T18:31:08.307+0000] {processor.py:154} INFO - Started process (PID=499) to work on /opt/airflow/dags/movie_etl.py
[2023-06-06T18:31:08.349+0000] {processor.py:756} INFO - Processing file /opt/airflow/dags/movie_etl.py for tasks to queue
[2023-06-06T18:31:08.364+0000] {logging_mixin.py:137} INFO - [2023-06-06T18:31:08.364+0000] {dagbag.py:537} INFO - Filling up the DagBag from /opt/airflow/dags/movie_etl.py
[2023-06-06T18:31:08.482+0000] {processor.py:766} INFO - DAG(s) dict_keys(['movie_etl']) retrieved from /opt/airflow/dags/movie_etl.py
[2023-06-06T18:31:08.584+0000] {logging_mixin.py:137} INFO - [2023-06-06T18:31:08.581+0000] {dag.py:2585} INFO - Sync 1 DAGs
[2023-06-06T18:31:08.625+0000] {logging_mixin.py:137} INFO - [2023-06-06T18:31:08.625+0000] {dag.py:3336} INFO - Setting next_dagrun for movie_etl to 2023-06-05T15:00:00+00:00, run_after=2023-06-06T15:00:00+00:00
[2023-06-06T18:31:08.664+0000] {processor.py:176} INFO - Processing /opt/airflow/dags/movie_etl.py took 0.371 seconds
[2023-06-06T18:31:14.636+0000] {processor.py:154} INFO - Started process (PID=512) to work on /opt/airflow/dags/movie_etl.py
[2023-06-06T18:31:14.645+0000] {processor.py:756} INFO - Processing file /opt/airflow/dags/movie_etl.py for tasks to queue
[2023-06-06T18:31:14.661+0000] {logging_mixin.py:137} INFO - [2023-06-06T18:31:14.661+0000] {dagbag.py:537} INFO - Filling up the DagBag from /opt/airflow/dags/movie_etl.py
[2023-06-06T18:31:14.755+0000] {processor.py:766} INFO - DAG(s) dict_keys(['movie_etl']) retrieved from /opt/airflow/dags/movie_etl.py
[2023-06-06T18:31:14.974+0000] {logging_mixin.py:137} INFO - [2023-06-06T18:31:14.974+0000] {dag.py:2585} INFO - Sync 1 DAGs
[2023-06-06T18:31:15.051+0000] {logging_mixin.py:137} INFO - [2023-06-06T18:31:15.050+0000] {dag.py:3336} INFO - Setting next_dagrun for movie_etl to 2023-06-05T15:00:00+00:00, run_after=2023-06-06T15:00:00+00:00
[2023-06-06T18:31:15.091+0000] {processor.py:176} INFO - Processing /opt/airflow/dags/movie_etl.py took 0.484 seconds
[2023-06-06T19:36:27.456+0000] {processor.py:154} INFO - Started process (PID=517) to work on /opt/airflow/dags/movie_etl.py
[2023-06-06T19:36:27.459+0000] {processor.py:756} INFO - Processing file /opt/airflow/dags/movie_etl.py for tasks to queue
[2023-06-06T19:36:27.467+0000] {logging_mixin.py:137} INFO - [2023-06-06T19:36:27.466+0000] {dagbag.py:537} INFO - Filling up the DagBag from /opt/airflow/dags/movie_etl.py
[2023-06-06T19:36:27.509+0000] {processor.py:766} INFO - DAG(s) dict_keys(['movie_etl']) retrieved from /opt/airflow/dags/movie_etl.py
[2023-06-06T19:36:27.562+0000] {logging_mixin.py:137} INFO - [2023-06-06T19:36:27.561+0000] {dag.py:2585} INFO - Sync 1 DAGs
[2023-06-06T19:36:27.599+0000] {logging_mixin.py:137} INFO - [2023-06-06T19:36:27.599+0000] {dag.py:3336} INFO - Setting next_dagrun for movie_etl to 2023-06-05T15:00:00+00:00, run_after=2023-06-06T15:00:00+00:00
[2023-06-06T19:36:27.622+0000] {processor.py:176} INFO - Processing /opt/airflow/dags/movie_etl.py took 0.168 seconds
[2023-06-06T19:36:34.325+0000] {processor.py:154} INFO - Started process (PID=530) to work on /opt/airflow/dags/movie_etl.py
[2023-06-06T19:36:34.333+0000] {processor.py:756} INFO - Processing file /opt/airflow/dags/movie_etl.py for tasks to queue
[2023-06-06T19:36:34.338+0000] {logging_mixin.py:137} INFO - [2023-06-06T19:36:34.338+0000] {dagbag.py:537} INFO - Filling up the DagBag from /opt/airflow/dags/movie_etl.py
[2023-06-06T19:36:35.167+0000] {processor.py:766} INFO - DAG(s) dict_keys(['movie_etl']) retrieved from /opt/airflow/dags/movie_etl.py
[2023-06-06T19:36:35.406+0000] {logging_mixin.py:137} INFO - [2023-06-06T19:36:35.406+0000] {dag.py:2585} INFO - Sync 1 DAGs
[2023-06-06T19:36:35.482+0000] {logging_mixin.py:137} INFO - [2023-06-06T19:36:35.481+0000] {dag.py:3336} INFO - Setting next_dagrun for movie_etl to 2023-06-05T15:00:00+00:00, run_after=2023-06-06T15:00:00+00:00
[2023-06-06T19:36:35.517+0000] {processor.py:176} INFO - Processing /opt/airflow/dags/movie_etl.py took 1.205 seconds
[2023-06-06T19:36:40.715+0000] {processor.py:154} INFO - Started process (PID=537) to work on /opt/airflow/dags/movie_etl.py
[2023-06-06T19:36:40.719+0000] {processor.py:756} INFO - Processing file /opt/airflow/dags/movie_etl.py for tasks to queue
[2023-06-06T19:36:40.722+0000] {logging_mixin.py:137} INFO - [2023-06-06T19:36:40.722+0000] {dagbag.py:537} INFO - Filling up the DagBag from /opt/airflow/dags/movie_etl.py
[2023-06-06T19:36:40.849+0000] {processor.py:766} INFO - DAG(s) dict_keys(['movie_etl']) retrieved from /opt/airflow/dags/movie_etl.py
[2023-06-06T19:36:41.577+0000] {logging_mixin.py:137} INFO - [2023-06-06T19:36:41.574+0000] {dag.py:2585} INFO - Sync 1 DAGs
[2023-06-06T19:36:41.700+0000] {logging_mixin.py:137} INFO - [2023-06-06T19:36:41.699+0000] {dag.py:3336} INFO - Setting next_dagrun for movie_etl to 2023-06-05T15:00:00+00:00, run_after=2023-06-06T15:00:00+00:00
[2023-06-06T19:36:41.742+0000] {processor.py:176} INFO - Processing /opt/airflow/dags/movie_etl.py took 1.064 seconds
[2023-06-06T19:36:47.314+0000] {processor.py:154} INFO - Started process (PID=542) to work on /opt/airflow/dags/movie_etl.py
[2023-06-06T19:36:47.332+0000] {processor.py:756} INFO - Processing file /opt/airflow/dags/movie_etl.py for tasks to queue
[2023-06-06T19:36:47.357+0000] {logging_mixin.py:137} INFO - [2023-06-06T19:36:47.355+0000] {dagbag.py:537} INFO - Filling up the DagBag from /opt/airflow/dags/movie_etl.py
[2023-06-06T19:36:47.528+0000] {processor.py:766} INFO - DAG(s) dict_keys(['movie_etl']) retrieved from /opt/airflow/dags/movie_etl.py
[2023-06-06T19:36:48.867+0000] {logging_mixin.py:137} INFO - [2023-06-06T19:36:48.866+0000] {dag.py:2585} INFO - Sync 1 DAGs
[2023-06-06T19:36:48.990+0000] {logging_mixin.py:137} INFO - [2023-06-06T19:36:48.990+0000] {dag.py:3336} INFO - Setting next_dagrun for movie_etl to 2023-06-05T15:00:00+00:00, run_after=2023-06-06T15:00:00+00:00
[2023-06-06T19:36:49.059+0000] {processor.py:176} INFO - Processing /opt/airflow/dags/movie_etl.py took 1.749 seconds
[2023-06-06T19:36:54.553+0000] {processor.py:154} INFO - Started process (PID=556) to work on /opt/airflow/dags/movie_etl.py
[2023-06-06T19:36:54.562+0000] {processor.py:756} INFO - Processing file /opt/airflow/dags/movie_etl.py for tasks to queue
[2023-06-06T19:36:54.565+0000] {logging_mixin.py:137} INFO - [2023-06-06T19:36:54.565+0000] {dagbag.py:537} INFO - Filling up the DagBag from /opt/airflow/dags/movie_etl.py
[2023-06-06T19:36:54.618+0000] {processor.py:766} INFO - DAG(s) dict_keys(['movie_etl']) retrieved from /opt/airflow/dags/movie_etl.py
[2023-06-06T19:36:54.676+0000] {logging_mixin.py:137} INFO - [2023-06-06T19:36:54.676+0000] {dag.py:2585} INFO - Sync 1 DAGs
[2023-06-06T19:36:54.693+0000] {logging_mixin.py:137} INFO - [2023-06-06T19:36:54.693+0000] {dag.py:3336} INFO - Setting next_dagrun for movie_etl to 2023-06-05T15:00:00+00:00, run_after=2023-06-06T15:00:00+00:00
[2023-06-06T19:36:54.716+0000] {processor.py:176} INFO - Processing /opt/airflow/dags/movie_etl.py took 0.185 seconds
[2023-06-06T20:41:53.240+0000] {processor.py:154} INFO - Started process (PID=561) to work on /opt/airflow/dags/movie_etl.py
[2023-06-06T20:41:53.313+0000] {processor.py:756} INFO - Processing file /opt/airflow/dags/movie_etl.py for tasks to queue
[2023-06-06T20:41:53.340+0000] {logging_mixin.py:137} INFO - [2023-06-06T20:41:53.340+0000] {dagbag.py:537} INFO - Filling up the DagBag from /opt/airflow/dags/movie_etl.py
[2023-06-06T20:41:53.547+0000] {processor.py:766} INFO - DAG(s) dict_keys(['movie_etl']) retrieved from /opt/airflow/dags/movie_etl.py
[2023-06-06T20:41:55.364+0000] {logging_mixin.py:137} INFO - [2023-06-06T20:41:55.356+0000] {dag.py:2585} INFO - Sync 1 DAGs
[2023-06-06T20:41:55.569+0000] {logging_mixin.py:137} INFO - [2023-06-06T20:41:55.569+0000] {dag.py:3336} INFO - Setting next_dagrun for movie_etl to 2023-06-05T15:00:00+00:00, run_after=2023-06-06T15:00:00+00:00
[2023-06-06T20:41:55.692+0000] {processor.py:176} INFO - Processing /opt/airflow/dags/movie_etl.py took 2.503 seconds
[2023-06-06T20:42:01.800+0000] {processor.py:154} INFO - Started process (PID=574) to work on /opt/airflow/dags/movie_etl.py
[2023-06-06T20:42:01.837+0000] {processor.py:756} INFO - Processing file /opt/airflow/dags/movie_etl.py for tasks to queue
[2023-06-06T20:42:02.044+0000] {logging_mixin.py:137} INFO - [2023-06-06T20:42:02.043+0000] {dagbag.py:537} INFO - Filling up the DagBag from /opt/airflow/dags/movie_etl.py
[2023-06-06T20:42:02.152+0000] {processor.py:766} INFO - DAG(s) dict_keys(['movie_etl']) retrieved from /opt/airflow/dags/movie_etl.py
[2023-06-06T20:42:02.248+0000] {logging_mixin.py:137} INFO - [2023-06-06T20:42:02.248+0000] {dag.py:2585} INFO - Sync 1 DAGs
[2023-06-06T20:42:02.311+0000] {logging_mixin.py:137} INFO - [2023-06-06T20:42:02.311+0000] {dag.py:3336} INFO - Setting next_dagrun for movie_etl to 2023-06-05T15:00:00+00:00, run_after=2023-06-06T15:00:00+00:00
[2023-06-06T20:42:02.379+0000] {processor.py:176} INFO - Processing /opt/airflow/dags/movie_etl.py took 0.609 seconds
[2023-06-06T20:42:09.797+0000] {processor.py:154} INFO - Started process (PID=586) to work on /opt/airflow/dags/movie_etl.py
[2023-06-06T20:42:09.808+0000] {processor.py:756} INFO - Processing file /opt/airflow/dags/movie_etl.py for tasks to queue
[2023-06-06T20:42:09.813+0000] {logging_mixin.py:137} INFO - [2023-06-06T20:42:09.812+0000] {dagbag.py:537} INFO - Filling up the DagBag from /opt/airflow/dags/movie_etl.py
[2023-06-06T20:42:09.897+0000] {processor.py:766} INFO - DAG(s) dict_keys(['movie_etl']) retrieved from /opt/airflow/dags/movie_etl.py
[2023-06-06T20:42:09.944+0000] {logging_mixin.py:137} INFO - [2023-06-06T20:42:09.944+0000] {dag.py:2585} INFO - Sync 1 DAGs
[2023-06-06T20:42:09.975+0000] {logging_mixin.py:137} INFO - [2023-06-06T20:42:09.975+0000] {dag.py:3336} INFO - Setting next_dagrun for movie_etl to 2023-06-05T15:00:00+00:00, run_after=2023-06-06T15:00:00+00:00
[2023-06-06T20:42:09.997+0000] {processor.py:176} INFO - Processing /opt/airflow/dags/movie_etl.py took 0.206 seconds
[2023-06-06T20:42:15.951+0000] {processor.py:154} INFO - Started process (PID=592) to work on /opt/airflow/dags/movie_etl.py
[2023-06-06T20:42:16.266+0000] {processor.py:756} INFO - Processing file /opt/airflow/dags/movie_etl.py for tasks to queue
[2023-06-06T20:42:16.271+0000] {logging_mixin.py:137} INFO - [2023-06-06T20:42:16.271+0000] {dagbag.py:537} INFO - Filling up the DagBag from /opt/airflow/dags/movie_etl.py
[2023-06-06T20:42:16.382+0000] {processor.py:766} INFO - DAG(s) dict_keys(['movie_etl']) retrieved from /opt/airflow/dags/movie_etl.py
[2023-06-06T20:42:16.523+0000] {logging_mixin.py:137} INFO - [2023-06-06T20:42:16.523+0000] {dag.py:2585} INFO - Sync 1 DAGs
[2023-06-06T20:42:16.550+0000] {logging_mixin.py:137} INFO - [2023-06-06T20:42:16.550+0000] {dag.py:3336} INFO - Setting next_dagrun for movie_etl to 2023-06-05T15:00:00+00:00, run_after=2023-06-06T15:00:00+00:00
[2023-06-06T20:42:16.585+0000] {processor.py:176} INFO - Processing /opt/airflow/dags/movie_etl.py took 0.639 seconds
[2023-06-06T22:08:16.203+0000] {processor.py:154} INFO - Started process (PID=603) to work on /opt/airflow/dags/movie_etl.py
[2023-06-06T22:08:16.230+0000] {processor.py:756} INFO - Processing file /opt/airflow/dags/movie_etl.py for tasks to queue
[2023-06-06T22:08:16.259+0000] {logging_mixin.py:137} INFO - [2023-06-06T22:08:16.259+0000] {dagbag.py:537} INFO - Filling up the DagBag from /opt/airflow/dags/movie_etl.py
[2023-06-06T22:08:16.526+0000] {processor.py:766} INFO - DAG(s) dict_keys(['movie_etl']) retrieved from /opt/airflow/dags/movie_etl.py
[2023-06-06T22:08:18.222+0000] {logging_mixin.py:137} INFO - [2023-06-06T22:08:18.202+0000] {dag.py:2585} INFO - Sync 1 DAGs
[2023-06-06T22:08:18.277+0000] {logging_mixin.py:137} INFO - [2023-06-06T22:08:18.277+0000] {dag.py:3336} INFO - Setting next_dagrun for movie_etl to 2023-06-05T15:00:00+00:00, run_after=2023-06-06T15:00:00+00:00
[2023-06-06T22:08:18.367+0000] {processor.py:176} INFO - Processing /opt/airflow/dags/movie_etl.py took 2.196 seconds
[2023-06-06T22:08:23.816+0000] {processor.py:154} INFO - Started process (PID=611) to work on /opt/airflow/dags/movie_etl.py
[2023-06-06T22:08:23.821+0000] {processor.py:756} INFO - Processing file /opt/airflow/dags/movie_etl.py for tasks to queue
[2023-06-06T22:08:23.823+0000] {logging_mixin.py:137} INFO - [2023-06-06T22:08:23.823+0000] {dagbag.py:537} INFO - Filling up the DagBag from /opt/airflow/dags/movie_etl.py
[2023-06-06T22:08:23.897+0000] {processor.py:766} INFO - DAG(s) dict_keys(['movie_etl']) retrieved from /opt/airflow/dags/movie_etl.py
[2023-06-06T22:08:24.183+0000] {logging_mixin.py:137} INFO - [2023-06-06T22:08:24.183+0000] {dag.py:2585} INFO - Sync 1 DAGs
[2023-06-06T22:08:24.320+0000] {logging_mixin.py:137} INFO - [2023-06-06T22:08:24.320+0000] {dag.py:3336} INFO - Setting next_dagrun for movie_etl to 2023-06-05T15:00:00+00:00, run_after=2023-06-06T15:00:00+00:00
[2023-06-06T22:08:24.345+0000] {processor.py:176} INFO - Processing /opt/airflow/dags/movie_etl.py took 0.548 seconds
[2023-06-06T22:08:30.285+0000] {processor.py:154} INFO - Started process (PID=623) to work on /opt/airflow/dags/movie_etl.py
[2023-06-06T22:08:30.339+0000] {processor.py:756} INFO - Processing file /opt/airflow/dags/movie_etl.py for tasks to queue
[2023-06-06T22:08:30.340+0000] {logging_mixin.py:137} INFO - [2023-06-06T22:08:30.340+0000] {dagbag.py:537} INFO - Filling up the DagBag from /opt/airflow/dags/movie_etl.py
[2023-06-06T22:08:30.455+0000] {processor.py:766} INFO - DAG(s) dict_keys(['movie_etl']) retrieved from /opt/airflow/dags/movie_etl.py
[2023-06-06T22:08:30.602+0000] {logging_mixin.py:137} INFO - [2023-06-06T22:08:30.602+0000] {dag.py:2585} INFO - Sync 1 DAGs
[2023-06-06T22:08:30.646+0000] {logging_mixin.py:137} INFO - [2023-06-06T22:08:30.646+0000] {dag.py:3336} INFO - Setting next_dagrun for movie_etl to 2023-06-05T15:00:00+00:00, run_after=2023-06-06T15:00:00+00:00
[2023-06-06T22:08:30.673+0000] {processor.py:176} INFO - Processing /opt/airflow/dags/movie_etl.py took 0.392 seconds
[2023-06-06T22:08:36.107+0000] {processor.py:154} INFO - Started process (PID=629) to work on /opt/airflow/dags/movie_etl.py
[2023-06-06T22:08:36.139+0000] {processor.py:756} INFO - Processing file /opt/airflow/dags/movie_etl.py for tasks to queue
[2023-06-06T22:08:36.149+0000] {logging_mixin.py:137} INFO - [2023-06-06T22:08:36.149+0000] {dagbag.py:537} INFO - Filling up the DagBag from /opt/airflow/dags/movie_etl.py
[2023-06-06T22:08:36.237+0000] {processor.py:766} INFO - DAG(s) dict_keys(['movie_etl']) retrieved from /opt/airflow/dags/movie_etl.py
[2023-06-06T22:08:36.296+0000] {logging_mixin.py:137} INFO - [2023-06-06T22:08:36.296+0000] {dag.py:2585} INFO - Sync 1 DAGs
[2023-06-06T22:08:36.326+0000] {logging_mixin.py:137} INFO - [2023-06-06T22:08:36.326+0000] {dag.py:3336} INFO - Setting next_dagrun for movie_etl to 2023-06-05T15:00:00+00:00, run_after=2023-06-06T15:00:00+00:00
[2023-06-06T22:08:36.342+0000] {processor.py:176} INFO - Processing /opt/airflow/dags/movie_etl.py took 0.245 seconds
[2023-06-06T22:08:43.418+0000] {processor.py:154} INFO - Started process (PID=634) to work on /opt/airflow/dags/movie_etl.py
[2023-06-06T22:08:43.430+0000] {processor.py:756} INFO - Processing file /opt/airflow/dags/movie_etl.py for tasks to queue
[2023-06-06T22:08:43.436+0000] {logging_mixin.py:137} INFO - [2023-06-06T22:08:43.434+0000] {dagbag.py:537} INFO - Filling up the DagBag from /opt/airflow/dags/movie_etl.py
[2023-06-06T22:08:43.646+0000] {processor.py:766} INFO - DAG(s) dict_keys(['movie_etl']) retrieved from /opt/airflow/dags/movie_etl.py
[2023-06-06T22:08:43.774+0000] {logging_mixin.py:137} INFO - [2023-06-06T22:08:43.774+0000] {dag.py:2585} INFO - Sync 1 DAGs
[2023-06-06T22:08:43.821+0000] {logging_mixin.py:137} INFO - [2023-06-06T22:08:43.821+0000] {dag.py:3336} INFO - Setting next_dagrun for movie_etl to 2023-06-05T15:00:00+00:00, run_after=2023-06-06T15:00:00+00:00
[2023-06-06T22:08:43.864+0000] {processor.py:176} INFO - Processing /opt/airflow/dags/movie_etl.py took 0.480 seconds
[2023-06-06T23:13:42.771+0000] {processor.py:154} INFO - Started process (PID=649) to work on /opt/airflow/dags/movie_etl.py
[2023-06-06T23:13:42.827+0000] {processor.py:756} INFO - Processing file /opt/airflow/dags/movie_etl.py for tasks to queue
[2023-06-06T23:13:42.918+0000] {logging_mixin.py:137} INFO - [2023-06-06T23:13:42.916+0000] {dagbag.py:537} INFO - Filling up the DagBag from /opt/airflow/dags/movie_etl.py
[2023-06-06T23:13:43.958+0000] {processor.py:766} INFO - DAG(s) dict_keys(['movie_etl']) retrieved from /opt/airflow/dags/movie_etl.py
[2023-06-06T23:13:45.539+0000] {logging_mixin.py:137} INFO - [2023-06-06T23:13:45.536+0000] {dag.py:2585} INFO - Sync 1 DAGs
[2023-06-06T23:13:45.614+0000] {logging_mixin.py:137} INFO - [2023-06-06T23:13:45.614+0000] {dag.py:3336} INFO - Setting next_dagrun for movie_etl to 2023-06-05T15:00:00+00:00, run_after=2023-06-06T15:00:00+00:00
[2023-06-06T23:13:45.648+0000] {processor.py:176} INFO - Processing /opt/airflow/dags/movie_etl.py took 2.933 seconds
[2023-06-06T23:13:51.004+0000] {processor.py:154} INFO - Started process (PID=654) to work on /opt/airflow/dags/movie_etl.py
[2023-06-06T23:13:51.008+0000] {processor.py:756} INFO - Processing file /opt/airflow/dags/movie_etl.py for tasks to queue
[2023-06-06T23:13:51.015+0000] {logging_mixin.py:137} INFO - [2023-06-06T23:13:51.015+0000] {dagbag.py:537} INFO - Filling up the DagBag from /opt/airflow/dags/movie_etl.py
[2023-06-06T23:13:51.047+0000] {processor.py:766} INFO - DAG(s) dict_keys(['movie_etl']) retrieved from /opt/airflow/dags/movie_etl.py
[2023-06-06T23:13:51.131+0000] {logging_mixin.py:137} INFO - [2023-06-06T23:13:51.131+0000] {dag.py:2585} INFO - Sync 1 DAGs
[2023-06-06T23:13:51.145+0000] {logging_mixin.py:137} INFO - [2023-06-06T23:13:51.145+0000] {dag.py:3336} INFO - Setting next_dagrun for movie_etl to 2023-06-05T15:00:00+00:00, run_after=2023-06-06T15:00:00+00:00
[2023-06-06T23:13:51.156+0000] {processor.py:176} INFO - Processing /opt/airflow/dags/movie_etl.py took 0.156 seconds
[2023-06-06T23:13:56.477+0000] {processor.py:154} INFO - Started process (PID=667) to work on /opt/airflow/dags/movie_etl.py
[2023-06-06T23:13:56.479+0000] {processor.py:756} INFO - Processing file /opt/airflow/dags/movie_etl.py for tasks to queue
[2023-06-06T23:13:56.481+0000] {logging_mixin.py:137} INFO - [2023-06-06T23:13:56.481+0000] {dagbag.py:537} INFO - Filling up the DagBag from /opt/airflow/dags/movie_etl.py
[2023-06-06T23:13:56.574+0000] {processor.py:766} INFO - DAG(s) dict_keys(['movie_etl']) retrieved from /opt/airflow/dags/movie_etl.py
[2023-06-06T23:13:56.645+0000] {logging_mixin.py:137} INFO - [2023-06-06T23:13:56.645+0000] {dag.py:2585} INFO - Sync 1 DAGs
[2023-06-06T23:13:56.761+0000] {logging_mixin.py:137} INFO - [2023-06-06T23:13:56.761+0000] {dag.py:3336} INFO - Setting next_dagrun for movie_etl to 2023-06-05T15:00:00+00:00, run_after=2023-06-06T15:00:00+00:00
[2023-06-06T23:13:56.831+0000] {processor.py:176} INFO - Processing /opt/airflow/dags/movie_etl.py took 0.361 seconds
[2023-06-06T23:14:02.305+0000] {processor.py:154} INFO - Started process (PID=672) to work on /opt/airflow/dags/movie_etl.py
[2023-06-06T23:14:02.308+0000] {processor.py:756} INFO - Processing file /opt/airflow/dags/movie_etl.py for tasks to queue
[2023-06-06T23:14:02.311+0000] {logging_mixin.py:137} INFO - [2023-06-06T23:14:02.311+0000] {dagbag.py:537} INFO - Filling up the DagBag from /opt/airflow/dags/movie_etl.py
[2023-06-06T23:14:02.384+0000] {processor.py:766} INFO - DAG(s) dict_keys(['movie_etl']) retrieved from /opt/airflow/dags/movie_etl.py
[2023-06-06T23:14:02.442+0000] {logging_mixin.py:137} INFO - [2023-06-06T23:14:02.442+0000] {dag.py:2585} INFO - Sync 1 DAGs
[2023-06-06T23:14:02.475+0000] {logging_mixin.py:137} INFO - [2023-06-06T23:14:02.475+0000] {dag.py:3336} INFO - Setting next_dagrun for movie_etl to 2023-06-05T15:00:00+00:00, run_after=2023-06-06T15:00:00+00:00
[2023-06-06T23:14:02.495+0000] {processor.py:176} INFO - Processing /opt/airflow/dags/movie_etl.py took 0.194 seconds
[2023-06-06T23:14:07.567+0000] {processor.py:154} INFO - Started process (PID=685) to work on /opt/airflow/dags/movie_etl.py
[2023-06-06T23:14:07.570+0000] {processor.py:756} INFO - Processing file /opt/airflow/dags/movie_etl.py for tasks to queue
[2023-06-06T23:14:07.571+0000] {logging_mixin.py:137} INFO - [2023-06-06T23:14:07.571+0000] {dagbag.py:537} INFO - Filling up the DagBag from /opt/airflow/dags/movie_etl.py
[2023-06-06T23:14:07.593+0000] {processor.py:766} INFO - DAG(s) dict_keys(['movie_etl']) retrieved from /opt/airflow/dags/movie_etl.py
[2023-06-06T23:14:07.622+0000] {logging_mixin.py:137} INFO - [2023-06-06T23:14:07.622+0000] {dag.py:2585} INFO - Sync 1 DAGs
[2023-06-06T23:14:07.637+0000] {logging_mixin.py:137} INFO - [2023-06-06T23:14:07.637+0000] {dag.py:3336} INFO - Setting next_dagrun for movie_etl to 2023-06-05T15:00:00+00:00, run_after=2023-06-06T15:00:00+00:00
[2023-06-06T23:14:07.650+0000] {processor.py:176} INFO - Processing /opt/airflow/dags/movie_etl.py took 0.085 seconds
[2023-06-06T23:50:12.272+0000] {processor.py:154} INFO - Started process (PID=692) to work on /opt/airflow/dags/movie_etl.py
[2023-06-06T23:50:12.277+0000] {processor.py:756} INFO - Processing file /opt/airflow/dags/movie_etl.py for tasks to queue
[2023-06-06T23:50:12.283+0000] {logging_mixin.py:137} INFO - [2023-06-06T23:50:12.282+0000] {dagbag.py:537} INFO - Filling up the DagBag from /opt/airflow/dags/movie_etl.py
[2023-06-06T23:50:12.376+0000] {processor.py:766} INFO - DAG(s) dict_keys(['movie_etl']) retrieved from /opt/airflow/dags/movie_etl.py
[2023-06-06T23:50:12.433+0000] {logging_mixin.py:137} INFO - [2023-06-06T23:50:12.433+0000] {dag.py:2585} INFO - Sync 1 DAGs
[2023-06-06T23:50:12.459+0000] {logging_mixin.py:137} INFO - [2023-06-06T23:50:12.459+0000] {dag.py:3336} INFO - Setting next_dagrun for movie_etl to 2023-06-05T15:00:00+00:00, run_after=2023-06-06T15:00:00+00:00
[2023-06-06T23:50:12.501+0000] {processor.py:176} INFO - Processing /opt/airflow/dags/movie_etl.py took 0.234 seconds
[2023-06-06T23:50:17.583+0000] {processor.py:154} INFO - Started process (PID=705) to work on /opt/airflow/dags/movie_etl.py
[2023-06-06T23:50:17.585+0000] {processor.py:756} INFO - Processing file /opt/airflow/dags/movie_etl.py for tasks to queue
[2023-06-06T23:50:17.586+0000] {logging_mixin.py:137} INFO - [2023-06-06T23:50:17.586+0000] {dagbag.py:537} INFO - Filling up the DagBag from /opt/airflow/dags/movie_etl.py
[2023-06-06T23:50:17.615+0000] {processor.py:766} INFO - DAG(s) dict_keys(['movie_etl']) retrieved from /opt/airflow/dags/movie_etl.py
[2023-06-06T23:50:17.651+0000] {logging_mixin.py:137} INFO - [2023-06-06T23:50:17.650+0000] {dag.py:2585} INFO - Sync 1 DAGs
[2023-06-06T23:50:17.664+0000] {logging_mixin.py:137} INFO - [2023-06-06T23:50:17.664+0000] {dag.py:3336} INFO - Setting next_dagrun for movie_etl to 2023-06-05T15:00:00+00:00, run_after=2023-06-06T15:00:00+00:00
[2023-06-06T23:50:17.674+0000] {processor.py:176} INFO - Processing /opt/airflow/dags/movie_etl.py took 0.094 seconds
[2023-06-06T23:50:23.492+0000] {processor.py:154} INFO - Started process (PID=710) to work on /opt/airflow/dags/movie_etl.py
[2023-06-06T23:50:23.495+0000] {processor.py:756} INFO - Processing file /opt/airflow/dags/movie_etl.py for tasks to queue
[2023-06-06T23:50:23.497+0000] {logging_mixin.py:137} INFO - [2023-06-06T23:50:23.497+0000] {dagbag.py:537} INFO - Filling up the DagBag from /opt/airflow/dags/movie_etl.py
[2023-06-06T23:50:23.541+0000] {processor.py:766} INFO - DAG(s) dict_keys(['movie_etl']) retrieved from /opt/airflow/dags/movie_etl.py
[2023-06-06T23:50:23.592+0000] {logging_mixin.py:137} INFO - [2023-06-06T23:50:23.591+0000] {dag.py:2585} INFO - Sync 1 DAGs
[2023-06-06T23:50:23.613+0000] {logging_mixin.py:137} INFO - [2023-06-06T23:50:23.613+0000] {dag.py:3336} INFO - Setting next_dagrun for movie_etl to 2023-06-05T15:00:00+00:00, run_after=2023-06-06T15:00:00+00:00
[2023-06-06T23:50:23.624+0000] {processor.py:176} INFO - Processing /opt/airflow/dags/movie_etl.py took 0.136 seconds
[2023-06-06T23:50:29.423+0000] {processor.py:154} INFO - Started process (PID=723) to work on /opt/airflow/dags/movie_etl.py
[2023-06-06T23:50:29.425+0000] {processor.py:756} INFO - Processing file /opt/airflow/dags/movie_etl.py for tasks to queue
[2023-06-06T23:50:29.427+0000] {logging_mixin.py:137} INFO - [2023-06-06T23:50:29.427+0000] {dagbag.py:537} INFO - Filling up the DagBag from /opt/airflow/dags/movie_etl.py
[2023-06-06T23:50:29.454+0000] {processor.py:766} INFO - DAG(s) dict_keys(['movie_etl']) retrieved from /opt/airflow/dags/movie_etl.py
[2023-06-06T23:50:29.481+0000] {logging_mixin.py:137} INFO - [2023-06-06T23:50:29.481+0000] {dag.py:2585} INFO - Sync 1 DAGs
[2023-06-06T23:50:29.498+0000] {logging_mixin.py:137} INFO - [2023-06-06T23:50:29.498+0000] {dag.py:3336} INFO - Setting next_dagrun for movie_etl to 2023-06-05T15:00:00+00:00, run_after=2023-06-06T15:00:00+00:00
[2023-06-06T23:50:29.514+0000] {processor.py:176} INFO - Processing /opt/airflow/dags/movie_etl.py took 0.095 seconds
[2023-06-06T23:50:35.519+0000] {processor.py:154} INFO - Started process (PID=728) to work on /opt/airflow/dags/movie_etl.py
[2023-06-06T23:50:35.525+0000] {processor.py:756} INFO - Processing file /opt/airflow/dags/movie_etl.py for tasks to queue
[2023-06-06T23:50:35.545+0000] {logging_mixin.py:137} INFO - [2023-06-06T23:50:35.545+0000] {dagbag.py:537} INFO - Filling up the DagBag from /opt/airflow/dags/movie_etl.py
[2023-06-06T23:50:35.687+0000] {processor.py:766} INFO - DAG(s) dict_keys(['movie_etl']) retrieved from /opt/airflow/dags/movie_etl.py
[2023-06-06T23:50:35.961+0000] {logging_mixin.py:137} INFO - [2023-06-06T23:50:35.961+0000] {dag.py:2585} INFO - Sync 1 DAGs
[2023-06-06T23:50:36.022+0000] {logging_mixin.py:137} INFO - [2023-06-06T23:50:36.022+0000] {dag.py:3336} INFO - Setting next_dagrun for movie_etl to 2023-06-05T15:00:00+00:00, run_after=2023-06-06T15:00:00+00:00
[2023-06-06T23:50:36.087+0000] {processor.py:176} INFO - Processing /opt/airflow/dags/movie_etl.py took 0.578 seconds
