[2023-06-07T13:30:06.504+0000] {processor.py:154} INFO - Started process (PID=163) to work on /opt/airflow/dags/etl/movie_etl.py
[2023-06-07T13:30:06.505+0000] {processor.py:756} INFO - Processing file /opt/airflow/dags/etl/movie_etl.py for tasks to queue
[2023-06-07T13:30:06.506+0000] {logging_mixin.py:137} INFO - [2023-06-07T13:30:06.506+0000] {dagbag.py:537} INFO - Filling up the DagBag from /opt/airflow/dags/etl/movie_etl.py
[2023-06-07T13:30:06.547+0000] {logging_mixin.py:137} INFO - [2023-06-07T13:30:06.545+0000] {dagbag.py:342} ERROR - Failed to import: /opt/airflow/dags/etl/movie_etl.py
Traceback (most recent call last):
  File "/home/airflow/.local/lib/python3.8/site-packages/airflow/models/dagbag.py", line 338, in parse
    loader.exec_module(new_module)
  File "<frozen importlib._bootstrap_external>", line 843, in exec_module
  File "<frozen importlib._bootstrap>", line 219, in _call_with_frames_removed
  File "/opt/airflow/dags/etl/movie_etl.py", line 7, in <module>
    from movie_data import download_data_to_bigquery
ModuleNotFoundError: No module named 'movie_data'
[2023-06-07T13:30:06.548+0000] {processor.py:768} WARNING - No viable dags retrieved from /opt/airflow/dags/etl/movie_etl.py
[2023-06-07T13:30:06.560+0000] {processor.py:176} INFO - Processing /opt/airflow/dags/etl/movie_etl.py took 0.059 seconds
[2023-06-07T13:30:11.649+0000] {processor.py:154} INFO - Started process (PID=176) to work on /opt/airflow/dags/etl/movie_etl.py
[2023-06-07T13:30:11.652+0000] {processor.py:756} INFO - Processing file /opt/airflow/dags/etl/movie_etl.py for tasks to queue
[2023-06-07T13:30:11.654+0000] {logging_mixin.py:137} INFO - [2023-06-07T13:30:11.654+0000] {dagbag.py:537} INFO - Filling up the DagBag from /opt/airflow/dags/etl/movie_etl.py
[2023-06-07T13:30:11.717+0000] {logging_mixin.py:137} INFO - [2023-06-07T13:30:11.714+0000] {dagbag.py:342} ERROR - Failed to import: /opt/airflow/dags/etl/movie_etl.py
Traceback (most recent call last):
  File "/home/airflow/.local/lib/python3.8/site-packages/airflow/models/dagbag.py", line 338, in parse
    loader.exec_module(new_module)
  File "<frozen importlib._bootstrap_external>", line 843, in exec_module
  File "<frozen importlib._bootstrap>", line 219, in _call_with_frames_removed
  File "/opt/airflow/dags/etl/movie_etl.py", line 7, in <module>
    from movie_data import download_data_to_bigquery
ModuleNotFoundError: No module named 'movie_data'
[2023-06-07T13:30:11.720+0000] {processor.py:768} WARNING - No viable dags retrieved from /opt/airflow/dags/etl/movie_etl.py
[2023-06-07T13:30:11.795+0000] {processor.py:176} INFO - Processing /opt/airflow/dags/etl/movie_etl.py took 0.150 seconds
[2023-06-07T13:30:16.865+0000] {processor.py:154} INFO - Started process (PID=181) to work on /opt/airflow/dags/etl/movie_etl.py
[2023-06-07T13:30:16.866+0000] {processor.py:756} INFO - Processing file /opt/airflow/dags/etl/movie_etl.py for tasks to queue
[2023-06-07T13:30:16.868+0000] {logging_mixin.py:137} INFO - [2023-06-07T13:30:16.868+0000] {dagbag.py:537} INFO - Filling up the DagBag from /opt/airflow/dags/etl/movie_etl.py
[2023-06-07T13:30:16.883+0000] {logging_mixin.py:137} INFO - [2023-06-07T13:30:16.881+0000] {dagbag.py:342} ERROR - Failed to import: /opt/airflow/dags/etl/movie_etl.py
Traceback (most recent call last):
  File "/home/airflow/.local/lib/python3.8/site-packages/airflow/models/dagbag.py", line 338, in parse
    loader.exec_module(new_module)
  File "<frozen importlib._bootstrap_external>", line 843, in exec_module
  File "<frozen importlib._bootstrap>", line 219, in _call_with_frames_removed
  File "/opt/airflow/dags/etl/movie_etl.py", line 7, in <module>
    from movie_data import download_data_to_bigquery
ModuleNotFoundError: No module named 'movie_data'
[2023-06-07T13:30:16.885+0000] {processor.py:768} WARNING - No viable dags retrieved from /opt/airflow/dags/etl/movie_etl.py
[2023-06-07T13:30:16.898+0000] {processor.py:176} INFO - Processing /opt/airflow/dags/etl/movie_etl.py took 0.035 seconds
[2023-06-07T13:30:22.902+0000] {processor.py:154} INFO - Started process (PID=188) to work on /opt/airflow/dags/etl/movie_etl.py
[2023-06-07T13:30:23.065+0000] {processor.py:756} INFO - Processing file /opt/airflow/dags/etl/movie_etl.py for tasks to queue
[2023-06-07T13:30:23.067+0000] {logging_mixin.py:137} INFO - [2023-06-07T13:30:23.067+0000] {dagbag.py:537} INFO - Filling up the DagBag from /opt/airflow/dags/etl/movie_etl.py
[2023-06-07T13:30:23.431+0000] {logging_mixin.py:137} INFO - [2023-06-07T13:30:23.429+0000] {dagbag.py:342} ERROR - Failed to import: /opt/airflow/dags/etl/movie_etl.py
Traceback (most recent call last):
  File "/home/airflow/.local/lib/python3.8/site-packages/airflow/models/dagbag.py", line 338, in parse
    loader.exec_module(new_module)
  File "<frozen importlib._bootstrap_external>", line 843, in exec_module
  File "<frozen importlib._bootstrap>", line 219, in _call_with_frames_removed
  File "/opt/airflow/dags/etl/movie_etl.py", line 7, in <module>
    from movie_data import download_data_to_bigquery
ModuleNotFoundError: No module named 'movie_data'
[2023-06-07T13:30:23.435+0000] {processor.py:768} WARNING - No viable dags retrieved from /opt/airflow/dags/etl/movie_etl.py
[2023-06-07T13:30:23.641+0000] {processor.py:176} INFO - Processing /opt/airflow/dags/etl/movie_etl.py took 0.745 seconds
[2023-06-07T13:30:28.739+0000] {processor.py:154} INFO - Started process (PID=198) to work on /opt/airflow/dags/etl/movie_etl.py
[2023-06-07T13:30:28.741+0000] {processor.py:756} INFO - Processing file /opt/airflow/dags/etl/movie_etl.py for tasks to queue
[2023-06-07T13:30:28.746+0000] {logging_mixin.py:137} INFO - [2023-06-07T13:30:28.746+0000] {dagbag.py:537} INFO - Filling up the DagBag from /opt/airflow/dags/etl/movie_etl.py
[2023-06-07T13:30:28.769+0000] {logging_mixin.py:137} INFO - [2023-06-07T13:30:28.767+0000] {dagbag.py:342} ERROR - Failed to import: /opt/airflow/dags/etl/movie_etl.py
Traceback (most recent call last):
  File "/home/airflow/.local/lib/python3.8/site-packages/airflow/models/dagbag.py", line 338, in parse
    loader.exec_module(new_module)
  File "<frozen importlib._bootstrap_external>", line 843, in exec_module
  File "<frozen importlib._bootstrap>", line 219, in _call_with_frames_removed
  File "/opt/airflow/dags/etl/movie_etl.py", line 7, in <module>
    from movie_data import download_data_to_bigquery
ModuleNotFoundError: No module named 'movie_data'
[2023-06-07T13:30:28.770+0000] {processor.py:768} WARNING - No viable dags retrieved from /opt/airflow/dags/etl/movie_etl.py
[2023-06-07T13:30:28.788+0000] {processor.py:176} INFO - Processing /opt/airflow/dags/etl/movie_etl.py took 0.051 seconds
[2023-06-07T13:30:33.968+0000] {processor.py:154} INFO - Started process (PID=203) to work on /opt/airflow/dags/etl/movie_etl.py
[2023-06-07T13:30:33.972+0000] {processor.py:756} INFO - Processing file /opt/airflow/dags/etl/movie_etl.py for tasks to queue
[2023-06-07T13:30:33.979+0000] {logging_mixin.py:137} INFO - [2023-06-07T13:30:33.979+0000] {dagbag.py:537} INFO - Filling up the DagBag from /opt/airflow/dags/etl/movie_etl.py
[2023-06-07T13:30:34.033+0000] {logging_mixin.py:137} INFO - [2023-06-07T13:30:34.029+0000] {dagbag.py:342} ERROR - Failed to import: /opt/airflow/dags/etl/movie_etl.py
Traceback (most recent call last):
  File "/home/airflow/.local/lib/python3.8/site-packages/airflow/models/dagbag.py", line 338, in parse
    loader.exec_module(new_module)
  File "<frozen importlib._bootstrap_external>", line 843, in exec_module
  File "<frozen importlib._bootstrap>", line 219, in _call_with_frames_removed
  File "/opt/airflow/dags/etl/movie_etl.py", line 7, in <module>
    from movie_data import download_data_to_bigquery
ModuleNotFoundError: No module named 'movie_data'
[2023-06-07T13:30:34.039+0000] {processor.py:768} WARNING - No viable dags retrieved from /opt/airflow/dags/etl/movie_etl.py
[2023-06-07T13:30:34.071+0000] {processor.py:176} INFO - Processing /opt/airflow/dags/etl/movie_etl.py took 0.129 seconds
[2023-06-07T13:30:39.144+0000] {processor.py:154} INFO - Started process (PID=216) to work on /opt/airflow/dags/etl/movie_etl.py
[2023-06-07T13:30:39.146+0000] {processor.py:756} INFO - Processing file /opt/airflow/dags/etl/movie_etl.py for tasks to queue
[2023-06-07T13:30:39.153+0000] {logging_mixin.py:137} INFO - [2023-06-07T13:30:39.153+0000] {dagbag.py:537} INFO - Filling up the DagBag from /opt/airflow/dags/etl/movie_etl.py
[2023-06-07T13:30:39.196+0000] {logging_mixin.py:137} INFO - [2023-06-07T13:30:39.189+0000] {dagbag.py:342} ERROR - Failed to import: /opt/airflow/dags/etl/movie_etl.py
Traceback (most recent call last):
  File "/home/airflow/.local/lib/python3.8/site-packages/airflow/models/dagbag.py", line 338, in parse
    loader.exec_module(new_module)
  File "<frozen importlib._bootstrap_external>", line 843, in exec_module
  File "<frozen importlib._bootstrap>", line 219, in _call_with_frames_removed
  File "/opt/airflow/dags/etl/movie_etl.py", line 7, in <module>
    from movie_data import download_data_to_bigquery
ModuleNotFoundError: No module named 'movie_data'
[2023-06-07T13:30:39.210+0000] {processor.py:768} WARNING - No viable dags retrieved from /opt/airflow/dags/etl/movie_etl.py
[2023-06-07T13:30:39.243+0000] {processor.py:176} INFO - Processing /opt/airflow/dags/etl/movie_etl.py took 0.109 seconds
[2023-06-07T13:30:44.329+0000] {processor.py:154} INFO - Started process (PID=221) to work on /opt/airflow/dags/etl/movie_etl.py
[2023-06-07T13:30:44.334+0000] {processor.py:756} INFO - Processing file /opt/airflow/dags/etl/movie_etl.py for tasks to queue
[2023-06-07T13:30:44.341+0000] {logging_mixin.py:137} INFO - [2023-06-07T13:30:44.340+0000] {dagbag.py:537} INFO - Filling up the DagBag from /opt/airflow/dags/etl/movie_etl.py
[2023-06-07T13:30:44.422+0000] {logging_mixin.py:137} INFO - [2023-06-07T13:30:44.419+0000] {dagbag.py:342} ERROR - Failed to import: /opt/airflow/dags/etl/movie_etl.py
Traceback (most recent call last):
  File "/home/airflow/.local/lib/python3.8/site-packages/airflow/models/dagbag.py", line 338, in parse
    loader.exec_module(new_module)
  File "<frozen importlib._bootstrap_external>", line 843, in exec_module
  File "<frozen importlib._bootstrap>", line 219, in _call_with_frames_removed
  File "/opt/airflow/dags/etl/movie_etl.py", line 7, in <module>
    from movie_data import download_data_to_bigquery
ModuleNotFoundError: No module named 'movie_data'
[2023-06-07T13:30:44.424+0000] {processor.py:768} WARNING - No viable dags retrieved from /opt/airflow/dags/etl/movie_etl.py
[2023-06-07T13:30:44.449+0000] {processor.py:176} INFO - Processing /opt/airflow/dags/etl/movie_etl.py took 0.123 seconds
[2023-06-07T13:31:26.173+0000] {processor.py:154} INFO - Started process (PID=163) to work on /opt/airflow/dags/etl/movie_etl.py
[2023-06-07T13:31:26.176+0000] {processor.py:756} INFO - Processing file /opt/airflow/dags/etl/movie_etl.py for tasks to queue
[2023-06-07T13:31:26.180+0000] {logging_mixin.py:137} INFO - [2023-06-07T13:31:26.180+0000] {dagbag.py:537} INFO - Filling up the DagBag from /opt/airflow/dags/etl/movie_etl.py
[2023-06-07T13:31:26.262+0000] {logging_mixin.py:137} INFO - [2023-06-07T13:31:26.258+0000] {dagbag.py:342} ERROR - Failed to import: /opt/airflow/dags/etl/movie_etl.py
Traceback (most recent call last):
  File "/home/airflow/.local/lib/python3.8/site-packages/airflow/models/dagbag.py", line 338, in parse
    loader.exec_module(new_module)
  File "<frozen importlib._bootstrap_external>", line 843, in exec_module
  File "<frozen importlib._bootstrap>", line 219, in _call_with_frames_removed
  File "/opt/airflow/dags/etl/movie_etl.py", line 7, in <module>
    from dags.etl.movie_data import download_data_to_bigquery
ModuleNotFoundError: No module named 'dags'
[2023-06-07T13:31:26.272+0000] {processor.py:768} WARNING - No viable dags retrieved from /opt/airflow/dags/etl/movie_etl.py
[2023-06-07T13:31:26.291+0000] {processor.py:176} INFO - Processing /opt/airflow/dags/etl/movie_etl.py took 0.124 seconds
[2023-06-07T13:31:31.374+0000] {processor.py:154} INFO - Started process (PID=168) to work on /opt/airflow/dags/etl/movie_etl.py
[2023-06-07T13:31:31.378+0000] {processor.py:756} INFO - Processing file /opt/airflow/dags/etl/movie_etl.py for tasks to queue
[2023-06-07T13:31:31.381+0000] {logging_mixin.py:137} INFO - [2023-06-07T13:31:31.381+0000] {dagbag.py:537} INFO - Filling up the DagBag from /opt/airflow/dags/etl/movie_etl.py
[2023-06-07T13:31:31.410+0000] {logging_mixin.py:137} INFO - [2023-06-07T13:31:31.407+0000] {dagbag.py:342} ERROR - Failed to import: /opt/airflow/dags/etl/movie_etl.py
Traceback (most recent call last):
  File "/home/airflow/.local/lib/python3.8/site-packages/airflow/models/dagbag.py", line 338, in parse
    loader.exec_module(new_module)
  File "<frozen importlib._bootstrap_external>", line 843, in exec_module
  File "<frozen importlib._bootstrap>", line 219, in _call_with_frames_removed
  File "/opt/airflow/dags/etl/movie_etl.py", line 7, in <module>
    from dags.etl.movie_data import download_data_to_bigquery
ModuleNotFoundError: No module named 'dags'
[2023-06-07T13:31:31.411+0000] {processor.py:768} WARNING - No viable dags retrieved from /opt/airflow/dags/etl/movie_etl.py
[2023-06-07T13:31:31.438+0000] {processor.py:176} INFO - Processing /opt/airflow/dags/etl/movie_etl.py took 0.074 seconds
[2023-06-07T13:31:36.511+0000] {processor.py:154} INFO - Started process (PID=181) to work on /opt/airflow/dags/etl/movie_etl.py
[2023-06-07T13:31:36.513+0000] {processor.py:756} INFO - Processing file /opt/airflow/dags/etl/movie_etl.py for tasks to queue
[2023-06-07T13:31:36.515+0000] {logging_mixin.py:137} INFO - [2023-06-07T13:31:36.514+0000] {dagbag.py:537} INFO - Filling up the DagBag from /opt/airflow/dags/etl/movie_etl.py
[2023-06-07T13:31:36.540+0000] {logging_mixin.py:137} INFO - [2023-06-07T13:31:36.537+0000] {dagbag.py:342} ERROR - Failed to import: /opt/airflow/dags/etl/movie_etl.py
Traceback (most recent call last):
  File "/home/airflow/.local/lib/python3.8/site-packages/airflow/models/dagbag.py", line 338, in parse
    loader.exec_module(new_module)
  File "<frozen importlib._bootstrap_external>", line 843, in exec_module
  File "<frozen importlib._bootstrap>", line 219, in _call_with_frames_removed
  File "/opt/airflow/dags/etl/movie_etl.py", line 7, in <module>
    from dags.etl.movie_data import download_data_to_bigquery
ModuleNotFoundError: No module named 'dags'
[2023-06-07T13:31:36.547+0000] {processor.py:768} WARNING - No viable dags retrieved from /opt/airflow/dags/etl/movie_etl.py
[2023-06-07T13:31:36.571+0000] {processor.py:176} INFO - Processing /opt/airflow/dags/etl/movie_etl.py took 0.063 seconds
[2023-06-07T13:31:41.643+0000] {processor.py:154} INFO - Started process (PID=186) to work on /opt/airflow/dags/etl/movie_etl.py
[2023-06-07T13:31:41.645+0000] {processor.py:756} INFO - Processing file /opt/airflow/dags/etl/movie_etl.py for tasks to queue
[2023-06-07T13:31:41.650+0000] {logging_mixin.py:137} INFO - [2023-06-07T13:31:41.650+0000] {dagbag.py:537} INFO - Filling up the DagBag from /opt/airflow/dags/etl/movie_etl.py
[2023-06-07T13:31:41.675+0000] {logging_mixin.py:137} INFO - [2023-06-07T13:31:41.672+0000] {dagbag.py:342} ERROR - Failed to import: /opt/airflow/dags/etl/movie_etl.py
Traceback (most recent call last):
  File "/home/airflow/.local/lib/python3.8/site-packages/airflow/models/dagbag.py", line 338, in parse
    loader.exec_module(new_module)
  File "<frozen importlib._bootstrap_external>", line 843, in exec_module
  File "<frozen importlib._bootstrap>", line 219, in _call_with_frames_removed
  File "/opt/airflow/dags/etl/movie_etl.py", line 7, in <module>
    from dags.etl.movie_data import download_data_to_bigquery
ModuleNotFoundError: No module named 'dags'
[2023-06-07T13:31:41.677+0000] {processor.py:768} WARNING - No viable dags retrieved from /opt/airflow/dags/etl/movie_etl.py
[2023-06-07T13:31:41.698+0000] {processor.py:176} INFO - Processing /opt/airflow/dags/etl/movie_etl.py took 0.058 seconds
[2023-06-07T13:31:46.772+0000] {processor.py:154} INFO - Started process (PID=199) to work on /opt/airflow/dags/etl/movie_etl.py
[2023-06-07T13:31:46.774+0000] {processor.py:756} INFO - Processing file /opt/airflow/dags/etl/movie_etl.py for tasks to queue
[2023-06-07T13:31:46.775+0000] {logging_mixin.py:137} INFO - [2023-06-07T13:31:46.775+0000] {dagbag.py:537} INFO - Filling up the DagBag from /opt/airflow/dags/etl/movie_etl.py
[2023-06-07T13:31:46.797+0000] {logging_mixin.py:137} INFO - [2023-06-07T13:31:46.795+0000] {dagbag.py:342} ERROR - Failed to import: /opt/airflow/dags/etl/movie_etl.py
Traceback (most recent call last):
  File "/home/airflow/.local/lib/python3.8/site-packages/airflow/models/dagbag.py", line 338, in parse
    loader.exec_module(new_module)
  File "<frozen importlib._bootstrap_external>", line 843, in exec_module
  File "<frozen importlib._bootstrap>", line 219, in _call_with_frames_removed
  File "/opt/airflow/dags/etl/movie_etl.py", line 7, in <module>
    from dags.etl.movie_data import download_data_to_bigquery
ModuleNotFoundError: No module named 'dags'
[2023-06-07T13:31:46.798+0000] {processor.py:768} WARNING - No viable dags retrieved from /opt/airflow/dags/etl/movie_etl.py
[2023-06-07T13:31:46.812+0000] {processor.py:176} INFO - Processing /opt/airflow/dags/etl/movie_etl.py took 0.044 seconds
[2023-06-07T13:31:51.864+0000] {processor.py:154} INFO - Started process (PID=204) to work on /opt/airflow/dags/etl/movie_etl.py
[2023-06-07T13:31:51.866+0000] {processor.py:756} INFO - Processing file /opt/airflow/dags/etl/movie_etl.py for tasks to queue
[2023-06-07T13:31:51.867+0000] {logging_mixin.py:137} INFO - [2023-06-07T13:31:51.867+0000] {dagbag.py:537} INFO - Filling up the DagBag from /opt/airflow/dags/etl/movie_etl.py
[2023-06-07T13:31:51.887+0000] {logging_mixin.py:137} INFO - [2023-06-07T13:31:51.885+0000] {dagbag.py:342} ERROR - Failed to import: /opt/airflow/dags/etl/movie_etl.py
Traceback (most recent call last):
  File "/home/airflow/.local/lib/python3.8/site-packages/airflow/models/dagbag.py", line 338, in parse
    loader.exec_module(new_module)
  File "<frozen importlib._bootstrap_external>", line 843, in exec_module
  File "<frozen importlib._bootstrap>", line 219, in _call_with_frames_removed
  File "/opt/airflow/dags/etl/movie_etl.py", line 7, in <module>
    from dags.etl.movie_data import download_data_to_bigquery
ModuleNotFoundError: No module named 'dags'
[2023-06-07T13:31:51.889+0000] {processor.py:768} WARNING - No viable dags retrieved from /opt/airflow/dags/etl/movie_etl.py
[2023-06-07T13:31:51.908+0000] {processor.py:176} INFO - Processing /opt/airflow/dags/etl/movie_etl.py took 0.047 seconds
[2023-06-07T13:31:57.059+0000] {processor.py:154} INFO - Started process (PID=218) to work on /opt/airflow/dags/etl/movie_etl.py
[2023-06-07T13:31:57.069+0000] {processor.py:756} INFO - Processing file /opt/airflow/dags/etl/movie_etl.py for tasks to queue
[2023-06-07T13:31:57.078+0000] {logging_mixin.py:137} INFO - [2023-06-07T13:31:57.078+0000] {dagbag.py:537} INFO - Filling up the DagBag from /opt/airflow/dags/etl/movie_etl.py
[2023-06-07T13:31:57.126+0000] {logging_mixin.py:137} INFO - [2023-06-07T13:31:57.117+0000] {dagbag.py:342} ERROR - Failed to import: /opt/airflow/dags/etl/movie_etl.py
Traceback (most recent call last):
  File "/home/airflow/.local/lib/python3.8/site-packages/airflow/models/dagbag.py", line 338, in parse
    loader.exec_module(new_module)
  File "<frozen importlib._bootstrap_external>", line 843, in exec_module
  File "<frozen importlib._bootstrap>", line 219, in _call_with_frames_removed
  File "/opt/airflow/dags/etl/movie_etl.py", line 7, in <module>
    from dags.etl.movie_data import download_data_to_bigquery
ModuleNotFoundError: No module named 'dags'
[2023-06-07T13:31:57.135+0000] {processor.py:768} WARNING - No viable dags retrieved from /opt/airflow/dags/etl/movie_etl.py
[2023-06-07T13:31:57.250+0000] {processor.py:176} INFO - Processing /opt/airflow/dags/etl/movie_etl.py took 0.202 seconds
[2023-06-07T13:32:02.380+0000] {processor.py:154} INFO - Started process (PID=223) to work on /opt/airflow/dags/etl/movie_etl.py
[2023-06-07T13:32:02.383+0000] {processor.py:756} INFO - Processing file /opt/airflow/dags/etl/movie_etl.py for tasks to queue
[2023-06-07T13:32:02.385+0000] {logging_mixin.py:137} INFO - [2023-06-07T13:32:02.385+0000] {dagbag.py:537} INFO - Filling up the DagBag from /opt/airflow/dags/etl/movie_etl.py
[2023-06-07T13:32:02.410+0000] {logging_mixin.py:137} INFO - [2023-06-07T13:32:02.406+0000] {dagbag.py:342} ERROR - Failed to import: /opt/airflow/dags/etl/movie_etl.py
Traceback (most recent call last):
  File "/home/airflow/.local/lib/python3.8/site-packages/airflow/models/dagbag.py", line 338, in parse
    loader.exec_module(new_module)
  File "<frozen importlib._bootstrap_external>", line 843, in exec_module
  File "<frozen importlib._bootstrap>", line 219, in _call_with_frames_removed
  File "/opt/airflow/dags/etl/movie_etl.py", line 7, in <module>
    from dags.etl.movie_data import download_data_to_bigquery
ModuleNotFoundError: No module named 'dags'
[2023-06-07T13:32:02.412+0000] {processor.py:768} WARNING - No viable dags retrieved from /opt/airflow/dags/etl/movie_etl.py
[2023-06-07T13:32:02.443+0000] {processor.py:176} INFO - Processing /opt/airflow/dags/etl/movie_etl.py took 0.067 seconds
[2023-06-07T13:32:07.516+0000] {processor.py:154} INFO - Started process (PID=236) to work on /opt/airflow/dags/etl/movie_etl.py
[2023-06-07T13:32:07.841+0000] {processor.py:756} INFO - Processing file /opt/airflow/dags/etl/movie_etl.py for tasks to queue
[2023-06-07T13:32:07.843+0000] {logging_mixin.py:137} INFO - [2023-06-07T13:32:07.843+0000] {dagbag.py:537} INFO - Filling up the DagBag from /opt/airflow/dags/etl/movie_etl.py
[2023-06-07T13:32:07.879+0000] {logging_mixin.py:137} INFO - [2023-06-07T13:32:07.875+0000] {dagbag.py:342} ERROR - Failed to import: /opt/airflow/dags/etl/movie_etl.py
Traceback (most recent call last):
  File "/home/airflow/.local/lib/python3.8/site-packages/airflow/models/dagbag.py", line 338, in parse
    loader.exec_module(new_module)
  File "<frozen importlib._bootstrap_external>", line 843, in exec_module
  File "<frozen importlib._bootstrap>", line 219, in _call_with_frames_removed
  File "/opt/airflow/dags/etl/movie_etl.py", line 7, in <module>
    from dags.etl.movie_data import download_data_to_bigquery
ModuleNotFoundError: No module named 'dags'
[2023-06-07T13:32:07.887+0000] {processor.py:768} WARNING - No viable dags retrieved from /opt/airflow/dags/etl/movie_etl.py
[2023-06-07T13:32:07.908+0000] {processor.py:176} INFO - Processing /opt/airflow/dags/etl/movie_etl.py took 0.394 seconds
[2023-06-07T13:32:13.106+0000] {processor.py:154} INFO - Started process (PID=241) to work on /opt/airflow/dags/etl/movie_etl.py
[2023-06-07T13:32:13.110+0000] {processor.py:756} INFO - Processing file /opt/airflow/dags/etl/movie_etl.py for tasks to queue
[2023-06-07T13:32:13.116+0000] {logging_mixin.py:137} INFO - [2023-06-07T13:32:13.116+0000] {dagbag.py:537} INFO - Filling up the DagBag from /opt/airflow/dags/etl/movie_etl.py
[2023-06-07T13:32:13.168+0000] {logging_mixin.py:137} INFO - [2023-06-07T13:32:13.163+0000] {dagbag.py:342} ERROR - Failed to import: /opt/airflow/dags/etl/movie_etl.py
Traceback (most recent call last):
  File "/home/airflow/.local/lib/python3.8/site-packages/airflow/models/dagbag.py", line 338, in parse
    loader.exec_module(new_module)
  File "<frozen importlib._bootstrap_external>", line 843, in exec_module
  File "<frozen importlib._bootstrap>", line 219, in _call_with_frames_removed
  File "/opt/airflow/dags/etl/movie_etl.py", line 7, in <module>
    from dags.etl.movie_data import download_data_to_bigquery
ModuleNotFoundError: No module named 'dags'
[2023-06-07T13:32:13.173+0000] {processor.py:768} WARNING - No viable dags retrieved from /opt/airflow/dags/etl/movie_etl.py
[2023-06-07T13:32:13.202+0000] {processor.py:176} INFO - Processing /opt/airflow/dags/etl/movie_etl.py took 0.106 seconds
[2023-06-07T13:32:18.259+0000] {processor.py:154} INFO - Started process (PID=253) to work on /opt/airflow/dags/etl/movie_etl.py
[2023-06-07T13:32:18.261+0000] {processor.py:756} INFO - Processing file /opt/airflow/dags/etl/movie_etl.py for tasks to queue
[2023-06-07T13:32:18.262+0000] {logging_mixin.py:137} INFO - [2023-06-07T13:32:18.262+0000] {dagbag.py:537} INFO - Filling up the DagBag from /opt/airflow/dags/etl/movie_etl.py
[2023-06-07T13:32:18.286+0000] {logging_mixin.py:137} INFO - [2023-06-07T13:32:18.284+0000] {dagbag.py:342} ERROR - Failed to import: /opt/airflow/dags/etl/movie_etl.py
Traceback (most recent call last):
  File "/home/airflow/.local/lib/python3.8/site-packages/airflow/models/dagbag.py", line 338, in parse
    loader.exec_module(new_module)
  File "<frozen importlib._bootstrap_external>", line 843, in exec_module
  File "<frozen importlib._bootstrap>", line 219, in _call_with_frames_removed
  File "/opt/airflow/dags/etl/movie_etl.py", line 7, in <module>
    from dags.etl.movie_data import download_data_to_bigquery
ModuleNotFoundError: No module named 'dags'
[2023-06-07T13:32:18.288+0000] {processor.py:768} WARNING - No viable dags retrieved from /opt/airflow/dags/etl/movie_etl.py
[2023-06-07T13:32:18.308+0000] {processor.py:176} INFO - Processing /opt/airflow/dags/etl/movie_etl.py took 0.052 seconds
[2023-06-07T13:32:23.353+0000] {processor.py:154} INFO - Started process (PID=258) to work on /opt/airflow/dags/etl/movie_etl.py
[2023-06-07T13:32:23.354+0000] {processor.py:756} INFO - Processing file /opt/airflow/dags/etl/movie_etl.py for tasks to queue
[2023-06-07T13:32:23.356+0000] {logging_mixin.py:137} INFO - [2023-06-07T13:32:23.356+0000] {dagbag.py:537} INFO - Filling up the DagBag from /opt/airflow/dags/etl/movie_etl.py
[2023-06-07T13:32:23.376+0000] {logging_mixin.py:137} INFO - [2023-06-07T13:32:23.373+0000] {dagbag.py:342} ERROR - Failed to import: /opt/airflow/dags/etl/movie_etl.py
Traceback (most recent call last):
  File "/home/airflow/.local/lib/python3.8/site-packages/airflow/models/dagbag.py", line 338, in parse
    loader.exec_module(new_module)
  File "<frozen importlib._bootstrap_external>", line 843, in exec_module
  File "<frozen importlib._bootstrap>", line 219, in _call_with_frames_removed
  File "/opt/airflow/dags/etl/movie_etl.py", line 7, in <module>
    from dags.etl.movie_data import download_data_to_bigquery
ModuleNotFoundError: No module named 'dags'
[2023-06-07T13:32:23.378+0000] {processor.py:768} WARNING - No viable dags retrieved from /opt/airflow/dags/etl/movie_etl.py
[2023-06-07T13:32:23.393+0000] {processor.py:176} INFO - Processing /opt/airflow/dags/etl/movie_etl.py took 0.043 seconds
[2023-06-07T13:32:28.543+0000] {processor.py:154} INFO - Started process (PID=271) to work on /opt/airflow/dags/etl/movie_etl.py
[2023-06-07T13:32:28.550+0000] {processor.py:756} INFO - Processing file /opt/airflow/dags/etl/movie_etl.py for tasks to queue
[2023-06-07T13:32:28.561+0000] {logging_mixin.py:137} INFO - [2023-06-07T13:32:28.561+0000] {dagbag.py:537} INFO - Filling up the DagBag from /opt/airflow/dags/etl/movie_etl.py
[2023-06-07T13:32:28.616+0000] {logging_mixin.py:137} INFO - [2023-06-07T13:32:28.599+0000] {dagbag.py:342} ERROR - Failed to import: /opt/airflow/dags/etl/movie_etl.py
Traceback (most recent call last):
  File "/home/airflow/.local/lib/python3.8/site-packages/airflow/models/dagbag.py", line 338, in parse
    loader.exec_module(new_module)
  File "<frozen importlib._bootstrap_external>", line 843, in exec_module
  File "<frozen importlib._bootstrap>", line 219, in _call_with_frames_removed
  File "/opt/airflow/dags/etl/movie_etl.py", line 7, in <module>
    from dags.etl.movie_data import download_data_to_bigquery
ModuleNotFoundError: No module named 'dags'
[2023-06-07T13:32:28.627+0000] {processor.py:768} WARNING - No viable dags retrieved from /opt/airflow/dags/etl/movie_etl.py
[2023-06-07T13:32:28.696+0000] {processor.py:176} INFO - Processing /opt/airflow/dags/etl/movie_etl.py took 0.160 seconds
[2023-06-07T13:32:29.566+0000] {processor.py:154} INFO - Started process (PID=276) to work on /opt/airflow/dags/etl/movie_etl.py
[2023-06-07T13:32:29.569+0000] {processor.py:756} INFO - Processing file /opt/airflow/dags/etl/movie_etl.py for tasks to queue
[2023-06-07T13:32:29.572+0000] {logging_mixin.py:137} INFO - [2023-06-07T13:32:29.572+0000] {dagbag.py:537} INFO - Filling up the DagBag from /opt/airflow/dags/etl/movie_etl.py
[2023-06-07T13:32:31.268+0000] {processor.py:766} INFO - DAG(s) dict_keys(['movie_etl']) retrieved from /opt/airflow/dags/etl/movie_etl.py
[2023-06-07T13:32:31.484+0000] {logging_mixin.py:137} INFO - [2023-06-07T13:32:31.483+0000] {manager.py:507} INFO - Created Permission View: can edit on DAG:movie_etl
[2023-06-07T13:32:31.493+0000] {logging_mixin.py:137} INFO - [2023-06-07T13:32:31.493+0000] {manager.py:507} INFO - Created Permission View: can read on DAG:movie_etl
[2023-06-07T13:32:31.498+0000] {logging_mixin.py:137} INFO - [2023-06-07T13:32:31.498+0000] {manager.py:507} INFO - Created Permission View: can delete on DAG:movie_etl
[2023-06-07T13:32:31.499+0000] {logging_mixin.py:137} INFO - [2023-06-07T13:32:31.498+0000] {dag.py:2585} INFO - Sync 1 DAGs
[2023-06-07T13:32:31.506+0000] {logging_mixin.py:137} INFO - [2023-06-07T13:32:31.506+0000] {dag.py:2606} INFO - Creating ORM DAG for movie_etl
[2023-06-07T13:32:31.522+0000] {logging_mixin.py:137} INFO - [2023-06-07T13:32:31.522+0000] {dag.py:3336} INFO - Setting next_dagrun for movie_etl to 2023-06-05T15:00:00+00:00, run_after=2023-06-06T15:00:00+00:00
[2023-06-07T13:32:31.541+0000] {processor.py:176} INFO - Processing /opt/airflow/dags/etl/movie_etl.py took 1.978 seconds
[2023-06-07T13:33:15.206+0000] {processor.py:154} INFO - Started process (PID=163) to work on /opt/airflow/dags/etl/movie_etl.py
[2023-06-07T13:33:15.213+0000] {processor.py:756} INFO - Processing file /opt/airflow/dags/etl/movie_etl.py for tasks to queue
[2023-06-07T13:33:15.215+0000] {logging_mixin.py:137} INFO - [2023-06-07T13:33:15.215+0000] {dagbag.py:537} INFO - Filling up the DagBag from /opt/airflow/dags/etl/movie_etl.py
[2023-06-07T13:33:15.770+0000] {processor.py:766} INFO - DAG(s) dict_keys(['movie_etl']) retrieved from /opt/airflow/dags/etl/movie_etl.py
[2023-06-07T13:33:15.920+0000] {logging_mixin.py:137} INFO - [2023-06-07T13:33:15.920+0000] {manager.py:507} INFO - Created Permission View: can delete on DAG:movie_etl
[2023-06-07T13:33:15.926+0000] {logging_mixin.py:137} INFO - [2023-06-07T13:33:15.926+0000] {manager.py:507} INFO - Created Permission View: can read on DAG:movie_etl
[2023-06-07T13:33:15.931+0000] {logging_mixin.py:137} INFO - [2023-06-07T13:33:15.931+0000] {manager.py:507} INFO - Created Permission View: can edit on DAG:movie_etl
[2023-06-07T13:33:15.933+0000] {logging_mixin.py:137} INFO - [2023-06-07T13:33:15.932+0000] {dag.py:2585} INFO - Sync 1 DAGs
[2023-06-07T13:33:15.948+0000] {logging_mixin.py:137} INFO - [2023-06-07T13:33:15.947+0000] {dag.py:2606} INFO - Creating ORM DAG for movie_etl
[2023-06-07T13:33:15.970+0000] {logging_mixin.py:137} INFO - [2023-06-07T13:33:15.970+0000] {dag.py:3336} INFO - Setting next_dagrun for movie_etl to 2023-06-05T15:00:00+00:00, run_after=2023-06-06T15:00:00+00:00
[2023-06-07T13:33:15.992+0000] {processor.py:176} INFO - Processing /opt/airflow/dags/etl/movie_etl.py took 0.788 seconds
[2023-06-07T13:33:21.093+0000] {processor.py:154} INFO - Started process (PID=176) to work on /opt/airflow/dags/etl/movie_etl.py
[2023-06-07T13:33:21.098+0000] {processor.py:756} INFO - Processing file /opt/airflow/dags/etl/movie_etl.py for tasks to queue
[2023-06-07T13:33:21.113+0000] {logging_mixin.py:137} INFO - [2023-06-07T13:33:21.112+0000] {dagbag.py:537} INFO - Filling up the DagBag from /opt/airflow/dags/etl/movie_etl.py
[2023-06-07T13:33:21.721+0000] {processor.py:766} INFO - DAG(s) dict_keys(['movie_etl']) retrieved from /opt/airflow/dags/etl/movie_etl.py
[2023-06-07T13:33:21.749+0000] {logging_mixin.py:137} INFO - [2023-06-07T13:33:21.749+0000] {dag.py:2585} INFO - Sync 1 DAGs
[2023-06-07T13:33:21.763+0000] {logging_mixin.py:137} INFO - [2023-06-07T13:33:21.763+0000] {dag.py:3336} INFO - Setting next_dagrun for movie_etl to 2023-06-05T15:00:00+00:00, run_after=2023-06-06T15:00:00+00:00
[2023-06-07T13:33:21.776+0000] {processor.py:176} INFO - Processing /opt/airflow/dags/etl/movie_etl.py took 0.689 seconds
[2023-06-07T13:33:26.838+0000] {processor.py:154} INFO - Started process (PID=183) to work on /opt/airflow/dags/etl/movie_etl.py
[2023-06-07T13:33:26.840+0000] {processor.py:756} INFO - Processing file /opt/airflow/dags/etl/movie_etl.py for tasks to queue
[2023-06-07T13:33:26.843+0000] {logging_mixin.py:137} INFO - [2023-06-07T13:33:26.842+0000] {dagbag.py:537} INFO - Filling up the DagBag from /opt/airflow/dags/etl/movie_etl.py
[2023-06-07T13:33:27.083+0000] {processor.py:766} INFO - DAG(s) dict_keys(['movie_etl']) retrieved from /opt/airflow/dags/etl/movie_etl.py
[2023-06-07T13:33:27.097+0000] {logging_mixin.py:137} INFO - [2023-06-07T13:33:27.097+0000] {dag.py:2585} INFO - Sync 1 DAGs
[2023-06-07T13:33:27.109+0000] {logging_mixin.py:137} INFO - [2023-06-07T13:33:27.109+0000] {dag.py:3336} INFO - Setting next_dagrun for movie_etl to 2023-06-05T15:00:00+00:00, run_after=2023-06-06T15:00:00+00:00
[2023-06-07T13:33:27.118+0000] {processor.py:176} INFO - Processing /opt/airflow/dags/etl/movie_etl.py took 0.283 seconds
[2023-06-07T13:33:32.204+0000] {processor.py:154} INFO - Started process (PID=196) to work on /opt/airflow/dags/etl/movie_etl.py
[2023-06-07T13:33:32.207+0000] {processor.py:756} INFO - Processing file /opt/airflow/dags/etl/movie_etl.py for tasks to queue
[2023-06-07T13:33:32.209+0000] {logging_mixin.py:137} INFO - [2023-06-07T13:33:32.209+0000] {dagbag.py:537} INFO - Filling up the DagBag from /opt/airflow/dags/etl/movie_etl.py
[2023-06-07T13:33:32.883+0000] {processor.py:766} INFO - DAG(s) dict_keys(['movie_etl']) retrieved from /opt/airflow/dags/etl/movie_etl.py
[2023-06-07T13:33:32.910+0000] {logging_mixin.py:137} INFO - [2023-06-07T13:33:32.910+0000] {dag.py:2585} INFO - Sync 1 DAGs
[2023-06-07T13:33:32.930+0000] {logging_mixin.py:137} INFO - [2023-06-07T13:33:32.930+0000] {dag.py:3336} INFO - Setting next_dagrun for movie_etl to 2023-06-05T15:00:00+00:00, run_after=2023-06-06T15:00:00+00:00
[2023-06-07T13:33:32.959+0000] {processor.py:176} INFO - Processing /opt/airflow/dags/etl/movie_etl.py took 0.765 seconds
[2023-06-07T13:33:38.034+0000] {processor.py:154} INFO - Started process (PID=203) to work on /opt/airflow/dags/etl/movie_etl.py
[2023-06-07T13:33:38.037+0000] {processor.py:756} INFO - Processing file /opt/airflow/dags/etl/movie_etl.py for tasks to queue
[2023-06-07T13:33:38.038+0000] {logging_mixin.py:137} INFO - [2023-06-07T13:33:38.038+0000] {dagbag.py:537} INFO - Filling up the DagBag from /opt/airflow/dags/etl/movie_etl.py
[2023-06-07T13:33:38.315+0000] {processor.py:766} INFO - DAG(s) dict_keys(['movie_etl']) retrieved from /opt/airflow/dags/etl/movie_etl.py
[2023-06-07T13:33:38.334+0000] {logging_mixin.py:137} INFO - [2023-06-07T13:33:38.334+0000] {dag.py:2585} INFO - Sync 1 DAGs
[2023-06-07T13:33:38.352+0000] {logging_mixin.py:137} INFO - [2023-06-07T13:33:38.352+0000] {dag.py:3336} INFO - Setting next_dagrun for movie_etl to 2023-06-05T15:00:00+00:00, run_after=2023-06-06T15:00:00+00:00
[2023-06-07T13:33:38.369+0000] {processor.py:176} INFO - Processing /opt/airflow/dags/etl/movie_etl.py took 0.337 seconds
[2023-06-07T13:33:43.450+0000] {processor.py:154} INFO - Started process (PID=218) to work on /opt/airflow/dags/etl/movie_etl.py
[2023-06-07T13:33:43.453+0000] {processor.py:756} INFO - Processing file /opt/airflow/dags/etl/movie_etl.py for tasks to queue
[2023-06-07T13:33:43.464+0000] {logging_mixin.py:137} INFO - [2023-06-07T13:33:43.463+0000] {dagbag.py:537} INFO - Filling up the DagBag from /opt/airflow/dags/etl/movie_etl.py
[2023-06-07T13:33:44.155+0000] {processor.py:766} INFO - DAG(s) dict_keys(['movie_etl']) retrieved from /opt/airflow/dags/etl/movie_etl.py
[2023-06-07T13:33:44.221+0000] {logging_mixin.py:137} INFO - [2023-06-07T13:33:44.221+0000] {dag.py:2585} INFO - Sync 1 DAGs
[2023-06-07T13:33:44.248+0000] {logging_mixin.py:137} INFO - [2023-06-07T13:33:44.248+0000] {dag.py:3336} INFO - Setting next_dagrun for movie_etl to 2023-06-05T15:00:00+00:00, run_after=2023-06-06T15:00:00+00:00
[2023-06-07T13:33:44.260+0000] {processor.py:176} INFO - Processing /opt/airflow/dags/etl/movie_etl.py took 0.814 seconds
[2023-06-07T13:33:49.469+0000] {processor.py:154} INFO - Started process (PID=224) to work on /opt/airflow/dags/etl/movie_etl.py
[2023-06-07T13:33:49.479+0000] {processor.py:756} INFO - Processing file /opt/airflow/dags/etl/movie_etl.py for tasks to queue
[2023-06-07T13:33:49.488+0000] {logging_mixin.py:137} INFO - [2023-06-07T13:33:49.488+0000] {dagbag.py:537} INFO - Filling up the DagBag from /opt/airflow/dags/etl/movie_etl.py
[2023-06-07T13:33:50.224+0000] {processor.py:766} INFO - DAG(s) dict_keys(['movie_etl']) retrieved from /opt/airflow/dags/etl/movie_etl.py
[2023-06-07T13:33:50.295+0000] {logging_mixin.py:137} INFO - [2023-06-07T13:33:50.295+0000] {dag.py:2585} INFO - Sync 1 DAGs
[2023-06-07T13:33:50.328+0000] {logging_mixin.py:137} INFO - [2023-06-07T13:33:50.328+0000] {dag.py:3336} INFO - Setting next_dagrun for movie_etl to 2023-06-05T15:00:00+00:00, run_after=2023-06-06T15:00:00+00:00
[2023-06-07T13:33:50.384+0000] {processor.py:176} INFO - Processing /opt/airflow/dags/etl/movie_etl.py took 0.929 seconds
[2023-06-07T13:33:55.488+0000] {processor.py:154} INFO - Started process (PID=238) to work on /opt/airflow/dags/etl/movie_etl.py
[2023-06-07T13:33:55.490+0000] {processor.py:756} INFO - Processing file /opt/airflow/dags/etl/movie_etl.py for tasks to queue
[2023-06-07T13:33:55.491+0000] {logging_mixin.py:137} INFO - [2023-06-07T13:33:55.491+0000] {dagbag.py:537} INFO - Filling up the DagBag from /opt/airflow/dags/etl/movie_etl.py
[2023-06-07T13:33:56.021+0000] {processor.py:766} INFO - DAG(s) dict_keys(['movie_etl']) retrieved from /opt/airflow/dags/etl/movie_etl.py
[2023-06-07T13:33:56.063+0000] {logging_mixin.py:137} INFO - [2023-06-07T13:33:56.063+0000] {dag.py:2585} INFO - Sync 1 DAGs
[2023-06-07T13:33:56.082+0000] {logging_mixin.py:137} INFO - [2023-06-07T13:33:56.082+0000] {dag.py:3336} INFO - Setting next_dagrun for movie_etl to 2023-06-05T15:00:00+00:00, run_after=2023-06-06T15:00:00+00:00
[2023-06-07T13:33:56.093+0000] {processor.py:176} INFO - Processing /opt/airflow/dags/etl/movie_etl.py took 0.608 seconds
[2023-06-07T13:34:01.214+0000] {processor.py:154} INFO - Started process (PID=244) to work on /opt/airflow/dags/etl/movie_etl.py
[2023-06-07T13:34:01.216+0000] {processor.py:756} INFO - Processing file /opt/airflow/dags/etl/movie_etl.py for tasks to queue
[2023-06-07T13:34:01.217+0000] {logging_mixin.py:137} INFO - [2023-06-07T13:34:01.217+0000] {dagbag.py:537} INFO - Filling up the DagBag from /opt/airflow/dags/etl/movie_etl.py
[2023-06-07T13:34:01.854+0000] {processor.py:766} INFO - DAG(s) dict_keys(['movie_etl']) retrieved from /opt/airflow/dags/etl/movie_etl.py
[2023-06-07T13:34:01.897+0000] {logging_mixin.py:137} INFO - [2023-06-07T13:34:01.897+0000] {dag.py:2585} INFO - Sync 1 DAGs
[2023-06-07T13:34:01.910+0000] {logging_mixin.py:137} INFO - [2023-06-07T13:34:01.910+0000] {dag.py:3336} INFO - Setting next_dagrun for movie_etl to 2023-06-05T15:00:00+00:00, run_after=2023-06-06T15:00:00+00:00
[2023-06-07T13:34:01.920+0000] {processor.py:176} INFO - Processing /opt/airflow/dags/etl/movie_etl.py took 0.709 seconds
[2023-06-07T13:34:06.984+0000] {processor.py:154} INFO - Started process (PID=258) to work on /opt/airflow/dags/etl/movie_etl.py
[2023-06-07T13:34:06.986+0000] {processor.py:756} INFO - Processing file /opt/airflow/dags/etl/movie_etl.py for tasks to queue
[2023-06-07T13:34:06.988+0000] {logging_mixin.py:137} INFO - [2023-06-07T13:34:06.988+0000] {dagbag.py:537} INFO - Filling up the DagBag from /opt/airflow/dags/etl/movie_etl.py
[2023-06-07T13:34:07.503+0000] {processor.py:766} INFO - DAG(s) dict_keys(['movie_etl']) retrieved from /opt/airflow/dags/etl/movie_etl.py
[2023-06-07T13:34:07.528+0000] {logging_mixin.py:137} INFO - [2023-06-07T13:34:07.527+0000] {dag.py:2585} INFO - Sync 1 DAGs
[2023-06-07T13:34:07.543+0000] {logging_mixin.py:137} INFO - [2023-06-07T13:34:07.543+0000] {dag.py:3336} INFO - Setting next_dagrun for movie_etl to 2023-06-05T15:00:00+00:00, run_after=2023-06-06T15:00:00+00:00
[2023-06-07T13:34:07.557+0000] {processor.py:176} INFO - Processing /opt/airflow/dags/etl/movie_etl.py took 0.576 seconds
[2023-06-07T13:34:12.667+0000] {processor.py:154} INFO - Started process (PID=264) to work on /opt/airflow/dags/etl/movie_etl.py
[2023-06-07T13:34:12.692+0000] {processor.py:756} INFO - Processing file /opt/airflow/dags/etl/movie_etl.py for tasks to queue
[2023-06-07T13:34:12.695+0000] {logging_mixin.py:137} INFO - [2023-06-07T13:34:12.695+0000] {dagbag.py:537} INFO - Filling up the DagBag from /opt/airflow/dags/etl/movie_etl.py
[2023-06-07T13:34:13.307+0000] {processor.py:766} INFO - DAG(s) dict_keys(['movie_etl']) retrieved from /opt/airflow/dags/etl/movie_etl.py
[2023-06-07T13:34:13.338+0000] {logging_mixin.py:137} INFO - [2023-06-07T13:34:13.338+0000] {dag.py:2585} INFO - Sync 1 DAGs
[2023-06-07T13:34:13.354+0000] {logging_mixin.py:137} INFO - [2023-06-07T13:34:13.354+0000] {dag.py:3336} INFO - Setting next_dagrun for movie_etl to 2023-06-05T15:00:00+00:00, run_after=2023-06-06T15:00:00+00:00
[2023-06-07T13:34:13.366+0000] {processor.py:176} INFO - Processing /opt/airflow/dags/etl/movie_etl.py took 0.709 seconds
[2023-06-07T13:34:18.440+0000] {processor.py:154} INFO - Started process (PID=278) to work on /opt/airflow/dags/etl/movie_etl.py
[2023-06-07T13:34:18.443+0000] {processor.py:756} INFO - Processing file /opt/airflow/dags/etl/movie_etl.py for tasks to queue
[2023-06-07T13:34:18.444+0000] {logging_mixin.py:137} INFO - [2023-06-07T13:34:18.444+0000] {dagbag.py:537} INFO - Filling up the DagBag from /opt/airflow/dags/etl/movie_etl.py
[2023-06-07T13:34:18.693+0000] {processor.py:766} INFO - DAG(s) dict_keys(['movie_etl']) retrieved from /opt/airflow/dags/etl/movie_etl.py
[2023-06-07T13:34:18.716+0000] {logging_mixin.py:137} INFO - [2023-06-07T13:34:18.715+0000] {dag.py:2585} INFO - Sync 1 DAGs
[2023-06-07T13:34:18.735+0000] {logging_mixin.py:137} INFO - [2023-06-07T13:34:18.734+0000] {dag.py:3336} INFO - Setting next_dagrun for movie_etl to 2023-06-05T15:00:00+00:00, run_after=2023-06-06T15:00:00+00:00
[2023-06-07T13:34:18.744+0000] {processor.py:176} INFO - Processing /opt/airflow/dags/etl/movie_etl.py took 0.309 seconds
[2023-06-07T13:34:23.812+0000] {processor.py:154} INFO - Started process (PID=284) to work on /opt/airflow/dags/etl/movie_etl.py
[2023-06-07T13:34:23.814+0000] {processor.py:756} INFO - Processing file /opt/airflow/dags/etl/movie_etl.py for tasks to queue
[2023-06-07T13:34:23.815+0000] {logging_mixin.py:137} INFO - [2023-06-07T13:34:23.815+0000] {dagbag.py:537} INFO - Filling up the DagBag from /opt/airflow/dags/etl/movie_etl.py
[2023-06-07T13:34:24.345+0000] {processor.py:766} INFO - DAG(s) dict_keys(['movie_etl']) retrieved from /opt/airflow/dags/etl/movie_etl.py
[2023-06-07T13:34:24.378+0000] {logging_mixin.py:137} INFO - [2023-06-07T13:34:24.378+0000] {dag.py:2585} INFO - Sync 1 DAGs
[2023-06-07T13:34:24.396+0000] {logging_mixin.py:137} INFO - [2023-06-07T13:34:24.396+0000] {dag.py:3336} INFO - Setting next_dagrun for movie_etl to 2023-06-05T15:00:00+00:00, run_after=2023-06-06T15:00:00+00:00
[2023-06-07T13:34:24.407+0000] {processor.py:176} INFO - Processing /opt/airflow/dags/etl/movie_etl.py took 0.600 seconds
[2023-06-07T13:34:29.520+0000] {processor.py:154} INFO - Started process (PID=298) to work on /opt/airflow/dags/etl/movie_etl.py
[2023-06-07T13:34:29.522+0000] {processor.py:756} INFO - Processing file /opt/airflow/dags/etl/movie_etl.py for tasks to queue
[2023-06-07T13:34:29.523+0000] {logging_mixin.py:137} INFO - [2023-06-07T13:34:29.523+0000] {dagbag.py:537} INFO - Filling up the DagBag from /opt/airflow/dags/etl/movie_etl.py
[2023-06-07T13:34:29.776+0000] {processor.py:766} INFO - DAG(s) dict_keys(['movie_etl']) retrieved from /opt/airflow/dags/etl/movie_etl.py
[2023-06-07T13:34:29.797+0000] {logging_mixin.py:137} INFO - [2023-06-07T13:34:29.797+0000] {dag.py:2585} INFO - Sync 1 DAGs
[2023-06-07T13:34:29.808+0000] {logging_mixin.py:137} INFO - [2023-06-07T13:34:29.808+0000] {dag.py:3336} INFO - Setting next_dagrun for movie_etl to 2023-06-05T15:00:00+00:00, run_after=2023-06-06T15:00:00+00:00
[2023-06-07T13:34:29.825+0000] {processor.py:176} INFO - Processing /opt/airflow/dags/etl/movie_etl.py took 0.308 seconds
[2023-06-07T13:34:34.876+0000] {processor.py:154} INFO - Started process (PID=304) to work on /opt/airflow/dags/etl/movie_etl.py
[2023-06-07T13:34:34.878+0000] {processor.py:756} INFO - Processing file /opt/airflow/dags/etl/movie_etl.py for tasks to queue
[2023-06-07T13:34:34.879+0000] {logging_mixin.py:137} INFO - [2023-06-07T13:34:34.879+0000] {dagbag.py:537} INFO - Filling up the DagBag from /opt/airflow/dags/etl/movie_etl.py
[2023-06-07T13:34:35.445+0000] {processor.py:766} INFO - DAG(s) dict_keys(['movie_etl']) retrieved from /opt/airflow/dags/etl/movie_etl.py
[2023-06-07T13:34:35.480+0000] {logging_mixin.py:137} INFO - [2023-06-07T13:34:35.480+0000] {dag.py:2585} INFO - Sync 1 DAGs
[2023-06-07T13:34:35.499+0000] {logging_mixin.py:137} INFO - [2023-06-07T13:34:35.498+0000] {dag.py:3336} INFO - Setting next_dagrun for movie_etl to 2023-06-05T15:00:00+00:00, run_after=2023-06-06T15:00:00+00:00
[2023-06-07T13:34:35.517+0000] {processor.py:176} INFO - Processing /opt/airflow/dags/etl/movie_etl.py took 0.643 seconds
[2023-06-07T13:34:40.671+0000] {processor.py:154} INFO - Started process (PID=318) to work on /opt/airflow/dags/etl/movie_etl.py
[2023-06-07T13:34:40.778+0000] {processor.py:756} INFO - Processing file /opt/airflow/dags/etl/movie_etl.py for tasks to queue
[2023-06-07T13:34:40.780+0000] {logging_mixin.py:137} INFO - [2023-06-07T13:34:40.780+0000] {dagbag.py:537} INFO - Filling up the DagBag from /opt/airflow/dags/etl/movie_etl.py
[2023-06-07T13:34:41.425+0000] {processor.py:766} INFO - DAG(s) dict_keys(['movie_etl']) retrieved from /opt/airflow/dags/etl/movie_etl.py
[2023-06-07T13:34:41.455+0000] {logging_mixin.py:137} INFO - [2023-06-07T13:34:41.455+0000] {dag.py:2585} INFO - Sync 1 DAGs
[2023-06-07T13:34:41.474+0000] {logging_mixin.py:137} INFO - [2023-06-07T13:34:41.474+0000] {dag.py:3336} INFO - Setting next_dagrun for movie_etl to 2023-06-05T15:00:00+00:00, run_after=2023-06-06T15:00:00+00:00
[2023-06-07T13:34:41.488+0000] {processor.py:176} INFO - Processing /opt/airflow/dags/etl/movie_etl.py took 0.828 seconds
[2023-06-07T13:34:46.626+0000] {processor.py:154} INFO - Started process (PID=324) to work on /opt/airflow/dags/etl/movie_etl.py
[2023-06-07T13:34:46.628+0000] {processor.py:756} INFO - Processing file /opt/airflow/dags/etl/movie_etl.py for tasks to queue
[2023-06-07T13:34:46.631+0000] {logging_mixin.py:137} INFO - [2023-06-07T13:34:46.631+0000] {dagbag.py:537} INFO - Filling up the DagBag from /opt/airflow/dags/etl/movie_etl.py
[2023-06-07T13:34:47.249+0000] {processor.py:766} INFO - DAG(s) dict_keys(['movie_etl']) retrieved from /opt/airflow/dags/etl/movie_etl.py
[2023-06-07T13:34:47.295+0000] {logging_mixin.py:137} INFO - [2023-06-07T13:34:47.295+0000] {dag.py:2585} INFO - Sync 1 DAGs
[2023-06-07T13:34:47.319+0000] {logging_mixin.py:137} INFO - [2023-06-07T13:34:47.319+0000] {dag.py:3336} INFO - Setting next_dagrun for movie_etl to 2023-06-05T15:00:00+00:00, run_after=2023-06-06T15:00:00+00:00
[2023-06-07T13:34:47.349+0000] {processor.py:176} INFO - Processing /opt/airflow/dags/etl/movie_etl.py took 0.728 seconds
[2023-06-07T13:34:52.449+0000] {processor.py:154} INFO - Started process (PID=338) to work on /opt/airflow/dags/etl/movie_etl.py
[2023-06-07T13:34:52.454+0000] {processor.py:756} INFO - Processing file /opt/airflow/dags/etl/movie_etl.py for tasks to queue
[2023-06-07T13:34:52.455+0000] {logging_mixin.py:137} INFO - [2023-06-07T13:34:52.455+0000] {dagbag.py:537} INFO - Filling up the DagBag from /opt/airflow/dags/etl/movie_etl.py
[2023-06-07T13:34:52.919+0000] {processor.py:766} INFO - DAG(s) dict_keys(['movie_etl']) retrieved from /opt/airflow/dags/etl/movie_etl.py
[2023-06-07T13:34:52.944+0000] {logging_mixin.py:137} INFO - [2023-06-07T13:34:52.944+0000] {dag.py:2585} INFO - Sync 1 DAGs
[2023-06-07T13:34:52.959+0000] {logging_mixin.py:137} INFO - [2023-06-07T13:34:52.959+0000] {dag.py:3336} INFO - Setting next_dagrun for movie_etl to 2023-06-05T15:00:00+00:00, run_after=2023-06-06T15:00:00+00:00
[2023-06-07T13:34:52.969+0000] {processor.py:176} INFO - Processing /opt/airflow/dags/etl/movie_etl.py took 0.523 seconds
[2023-06-07T13:34:58.222+0000] {processor.py:154} INFO - Started process (PID=353) to work on /opt/airflow/dags/etl/movie_etl.py
[2023-06-07T13:34:58.229+0000] {processor.py:756} INFO - Processing file /opt/airflow/dags/etl/movie_etl.py for tasks to queue
[2023-06-07T13:34:58.232+0000] {logging_mixin.py:137} INFO - [2023-06-07T13:34:58.232+0000] {dagbag.py:537} INFO - Filling up the DagBag from /opt/airflow/dags/etl/movie_etl.py
[2023-06-07T13:34:58.719+0000] {processor.py:766} INFO - DAG(s) dict_keys(['movie_etl']) retrieved from /opt/airflow/dags/etl/movie_etl.py
[2023-06-07T13:34:58.752+0000] {logging_mixin.py:137} INFO - [2023-06-07T13:34:58.751+0000] {dag.py:2585} INFO - Sync 1 DAGs
[2023-06-07T13:34:58.770+0000] {logging_mixin.py:137} INFO - [2023-06-07T13:34:58.770+0000] {dag.py:3336} INFO - Setting next_dagrun for movie_etl to 2023-06-05T15:00:00+00:00, run_after=2023-06-06T15:00:00+00:00
[2023-06-07T13:34:58.804+0000] {processor.py:176} INFO - Processing /opt/airflow/dags/etl/movie_etl.py took 0.587 seconds
